{"/home/travis/build/npmtest/node-npmtest-dropzone/test.js":{"path":"/home/travis/build/npmtest/node-npmtest-dropzone/test.js","s":{"1":2,"2":2,"3":2,"4":2,"5":2,"6":2,"7":2,"8":1,"9":2,"10":2,"11":1,"12":1,"13":1,"14":1,"15":2,"16":2,"17":2,"18":2,"19":1,"20":1,"21":2,"22":2,"23":2,"24":1,"25":1,"26":1,"27":1,"28":1,"29":1,"30":1,"31":1,"32":1,"33":1,"34":1,"35":1,"36":1,"37":1,"38":1,"39":2,"40":2,"41":1,"42":2,"43":2,"44":1,"45":2,"46":2,"47":1,"48":2,"49":2,"50":1,"51":1,"52":1,"53":1,"54":1},"b":{"1":[2,1,1,1],"2":[1,1,1,1],"3":[1,1],"4":[1,1],"5":[1,1],"6":[1,1],"7":[1,1],"8":[1,1],"9":[1,1],"10":[1,1,1],"11":[1,1],"12":[1,1],"13":[1,1],"14":[1,1],"15":[1,1],"16":[1,1],"17":[1,1]},"f":{"1":2,"2":2,"3":2,"4":2,"5":2,"6":1,"7":1,"8":1,"9":2,"10":2,"11":2,"12":2,"13":1},"fnMap":{"1":{"name":"(anonymous_1)","line":12,"loc":{"start":{"line":12,"column":1},"end":{"line":12,"column":13}}},"2":{"name":"(anonymous_2)","line":19,"loc":{"start":{"line":19,"column":5},"end":{"line":19,"column":17}}},"3":{"name":"(anonymous_3)","line":23,"loc":{"start":{"line":23,"column":24},"end":{"line":23,"column":36}}},"4":{"name":"(anonymous_4)","line":61,"loc":{"start":{"line":61,"column":5},"end":{"line":61,"column":17}}},"5":{"name":"(anonymous_5)","line":82,"loc":{"start":{"line":82,"column":5},"end":{"line":82,"column":17}}},"6":{"name":"(anonymous_6)","line":91,"loc":{"start":{"line":91,"column":77},"end":{"line":94,"column":10}}},"7":{"name":"(anonymous_7)","line":112,"loc":{"start":{"line":112,"column":83},"end":{"line":115,"column":10}},"skip":true},"8":{"name":"(anonymous_8)","line":123,"loc":{"start":{"line":123,"column":77},"end":{"line":126,"column":10}},"skip":true},"9":{"name":"(anonymous_9)","line":139,"loc":{"start":{"line":139,"column":12},"end":{"line":139,"column":40}},"skip":true},"10":{"name":"(anonymous_10)","line":147,"loc":{"start":{"line":147,"column":77},"end":{"line":150,"column":10}},"skip":true},"11":{"name":"(anonymous_11)","line":158,"loc":{"start":{"line":158,"column":83},"end":{"line":161,"column":10}},"skip":true},"12":{"name":"(anonymous_12)","line":169,"loc":{"start":{"line":169,"column":79},"end":{"line":172,"column":10}},"skip":true},"13":{"name":"(anonymous_13)","line":180,"loc":{"start":{"line":180,"column":75},"end":{"line":183,"column":10}},"skip":true}},"statementMap":{"1":{"start":{"line":12,"column":0},"end":{"line":195,"column":5}},"2":{"start":{"line":14,"column":4},"end":{"line":14,"column":14}},"3":{"start":{"line":19,"column":4},"end":{"line":56,"column":9}},"4":{"start":{"line":21,"column":8},"end":{"line":21,"column":19}},"5":{"start":{"line":23,"column":8},"end":{"line":35,"column":13}},"6":{"start":{"line":24,"column":12},"end":{"line":34,"column":13}},"7":{"start":{"line":25,"column":16},"end":{"line":28,"column":30}},"8":{"start":{"line":30,"column":16},"end":{"line":33,"column":27}},"9":{"start":{"line":37,"column":8},"end":{"line":39,"column":21}},"10":{"start":{"line":40,"column":8},"end":{"line":53,"column":9}},"11":{"start":{"line":43,"column":12},"end":{"line":46,"column":14}},"12":{"start":{"line":47,"column":12},"end":{"line":47,"column":18}},"13":{"start":{"line":50,"column":12},"end":{"line":51,"column":33}},"14":{"start":{"line":52,"column":12},"end":{"line":52,"column":18}},"15":{"start":{"line":55,"column":8},"end":{"line":55,"column":35}},"16":{"start":{"line":61,"column":4},"end":{"line":63,"column":9}},"17":{"start":{"line":62,"column":8},"end":{"line":62,"column":15}},"18":{"start":{"line":64,"column":4},"end":{"line":77,"column":5}},"19":{"start":{"line":70,"column":8},"end":{"line":70,"column":14}},"20":{"start":{"line":76,"column":8},"end":{"line":76,"column":14}},"21":{"start":{"line":82,"column":4},"end":{"line":84,"column":9}},"22":{"start":{"line":83,"column":8},"end":{"line":83,"column":15}},"23":{"start":{"line":85,"column":4},"end":{"line":194,"column":5}},"24":{"start":{"line":91,"column":8},"end":{"line":99,"column":10}},"25":{"start":{"line":98,"column":12},"end":{"line":98,"column":35}},"26":{"start":{"line":102,"column":8},"end":{"line":104,"column":63}},"27":{"start":{"line":105,"column":8},"end":{"line":105,"column":14}},"28":{"start":{"line":112,"column":8},"end":{"line":121,"column":10},"skip":true},"29":{"start":{"line":119,"column":12},"end":{"line":119,"column":55},"skip":true},"30":{"start":{"line":120,"column":12},"end":{"line":120,"column":48},"skip":true},"31":{"start":{"line":123,"column":8},"end":{"line":136,"column":10},"skip":true},"32":{"start":{"line":130,"column":12},"end":{"line":130,"column":76},"skip":true},"33":{"start":{"line":131,"column":12},"end":{"line":131,"column":73},"skip":true},"34":{"start":{"line":132,"column":12},"end":{"line":132,"column":74},"skip":true},"35":{"start":{"line":133,"column":12},"end":{"line":133,"column":79},"skip":true},"36":{"start":{"line":134,"column":12},"end":{"line":134,"column":25},"skip":true},"37":{"start":{"line":135,"column":12},"end":{"line":135,"column":45},"skip":true},"38":{"start":{"line":138,"column":8},"end":{"line":145,"column":14},"skip":true},"39":{"start":{"line":143,"column":16},"end":{"line":143,"column":29},"skip":true},"40":{"start":{"line":144,"column":16},"end":{"line":144,"column":55},"skip":true},"41":{"start":{"line":147,"column":8},"end":{"line":156,"column":10},"skip":true},"42":{"start":{"line":154,"column":12},"end":{"line":154,"column":25},"skip":true},"43":{"start":{"line":155,"column":12},"end":{"line":155,"column":45},"skip":true},"44":{"start":{"line":158,"column":8},"end":{"line":167,"column":10},"skip":true},"45":{"start":{"line":165,"column":12},"end":{"line":165,"column":25},"skip":true},"46":{"start":{"line":166,"column":12},"end":{"line":166,"column":48},"skip":true},"47":{"start":{"line":169,"column":8},"end":{"line":178,"column":10},"skip":true},"48":{"start":{"line":176,"column":12},"end":{"line":176,"column":25},"skip":true},"49":{"start":{"line":177,"column":12},"end":{"line":177,"column":46},"skip":true},"50":{"start":{"line":180,"column":8},"end":{"line":189,"column":10},"skip":true},"51":{"start":{"line":187,"column":12},"end":{"line":187,"column":94},"skip":true},"52":{"start":{"line":188,"column":12},"end":{"line":188,"column":48},"skip":true},"53":{"start":{"line":192,"column":8},"end":{"line":192,"column":35},"skip":true},"54":{"start":{"line":193,"column":8},"end":{"line":193,"column":14},"skip":true}},"branchMap":{"1":{"line":25,"type":"binary-expr","locations":[{"start":{"line":25,"column":23},"end":{"line":25,"column":62}},{"start":{"line":26,"column":20},"end":{"line":26,"column":70}},{"start":{"line":27,"column":20},"end":{"line":27,"column":71}},{"start":{"line":28,"column":20},"end":{"line":28,"column":29}}]},"2":{"line":30,"type":"binary-expr","locations":[{"start":{"line":30,"column":23},"end":{"line":30,"column":37}},{"start":{"line":31,"column":20},"end":{"line":31,"column":61}},{"start":{"line":32,"column":20},"end":{"line":32,"column":70}},{"start":{"line":33,"column":20},"end":{"line":33,"column":26}}]},"3":{"line":37,"type":"cond-expr","locations":[{"start":{"line":38,"column":14},"end":{"line":38,"column":20}},{"start":{"line":39,"column":14},"end":{"line":39,"column":20}}]},"4":{"line":40,"type":"switch","locations":[{"start":{"line":42,"column":8},"end":{"line":47,"column":18}},{"start":{"line":49,"column":8},"end":{"line":52,"column":18}}]},"5":{"line":44,"type":"binary-expr","locations":[{"start":{"line":44,"column":16},"end":{"line":44,"column":44}},{"start":{"line":44,"column":48},"end":{"line":44,"column":66}}]},"6":{"line":50,"type":"binary-expr","locations":[{"start":{"line":50,"column":21},"end":{"line":50,"column":49}},{"start":{"line":50,"column":53},"end":{"line":50,"column":72}}]},"7":{"line":64,"type":"switch","locations":[{"start":{"line":69,"column":4},"end":{"line":70,"column":14}},{"start":{"line":75,"column":4},"end":{"line":76,"column":14}}]},"8":{"line":85,"type":"switch","locations":[{"start":{"line":90,"column":4},"end":{"line":105,"column":14}},{"start":{"line":111,"column":4},"end":{"line":193,"column":14},"skip":true}]},"9":{"line":91,"type":"binary-expr","locations":[{"start":{"line":91,"column":42},"end":{"line":91,"column":73}},{"start":{"line":91,"column":77},"end":{"line":99,"column":9}}]},"10":{"line":102,"type":"binary-expr","locations":[{"start":{"line":102,"column":18},"end":{"line":102,"column":32}},{"start":{"line":103,"column":12},"end":{"line":103,"column":53}},{"start":{"line":104,"column":12},"end":{"line":104,"column":61}}]},"11":{"line":112,"type":"binary-expr","locations":[{"start":{"line":112,"column":45},"end":{"line":112,"column":79},"skip":true},{"start":{"line":112,"column":83},"end":{"line":121,"column":9},"skip":true}]},"12":{"line":123,"type":"binary-expr","locations":[{"start":{"line":123,"column":42},"end":{"line":123,"column":73},"skip":true},{"start":{"line":123,"column":77},"end":{"line":136,"column":9},"skip":true}]},"13":{"line":138,"type":"binary-expr","locations":[{"start":{"line":138,"column":48},"end":{"line":138,"column":85},"skip":true},{"start":{"line":139,"column":12},"end":{"line":145,"column":13},"skip":true}]},"14":{"line":147,"type":"binary-expr","locations":[{"start":{"line":147,"column":42},"end":{"line":147,"column":73},"skip":true},{"start":{"line":147,"column":77},"end":{"line":156,"column":9},"skip":true}]},"15":{"line":158,"type":"binary-expr","locations":[{"start":{"line":158,"column":45},"end":{"line":158,"column":79},"skip":true},{"start":{"line":158,"column":83},"end":{"line":167,"column":9},"skip":true}]},"16":{"line":169,"type":"binary-expr","locations":[{"start":{"line":169,"column":43},"end":{"line":169,"column":75},"skip":true},{"start":{"line":169,"column":79},"end":{"line":178,"column":9},"skip":true}]},"17":{"line":180,"type":"binary-expr","locations":[{"start":{"line":180,"column":41},"end":{"line":180,"column":71},"skip":true},{"start":{"line":180,"column":75},"end":{"line":189,"column":9},"skip":true}]}},"code":["/* istanbul instrument in package npmtest_dropzone */","/*jslint","    bitwise: true,","    browser: true,","    maxerr: 8,","    maxlen: 96,","    node: true,","    nomen: true,","    regexp: true,","    stupid: true","*/","(function () {","    'use strict';","    var local;","","","","    // run shared js-env code - init-before","    (function () {","        // init local","        local = {};","        // init modeJs","        local.modeJs = (function () {","            try {","                return typeof navigator.userAgent === 'string' &&","                    typeof document.querySelector('body') === 'object' &&","                    typeof XMLHttpRequest.prototype.open === 'function' &&","                    'browser';","            } catch (errorCaughtBrowser) {","                return module.exports &&","                    typeof process.versions.node === 'string' &&","                    typeof require('http').createServer === 'function' &&","                    'node';","            }","        }());","        // init global","        local.global = local.modeJs === 'browser'","            ? window","            : global;","        switch (local.modeJs) {","        // re-init local from window.local","        case 'browser':","            local = local.global.utility2.objectSetDefault(","                local.global.utility2_rollup || local.global.local,","                local.global.utility2","            );","            break;","        // re-init local from example.js","        case 'node':","            local = (local.global.utility2_rollup || require('utility2'))","                .requireReadme();","            break;","        }","        // export local","        local.global.local = local;","    }());","","","","    // run shared js-env code - function","    (function () {","        return;","    }());","    switch (local.modeJs) {","","","","    // run browser js-env code - function","    case 'browser':","        break;","","","","    // run node js-env code - function","    case 'node':","        break;","    }","","","","    // run shared js-env code - init-after","    (function () {","        return;","    }());","    switch (local.modeJs) {","","","","    // run browser js-env code - init-after","    case 'browser':","        local.testCase_browser_nullCase = local.testCase_browser_nullCase || function (","            options,","            onError","        ) {","        /*","         * this function will test browsers's null-case handling-behavior-behavior","         */","            onError(null, options);","        };","","        // run tests","        local.nop(local.modeTest &&","            document.querySelector('#testRunButton1') &&","            document.querySelector('#testRunButton1').click());","        break;","","","","    // run node js-env code - init-after","    /* istanbul ignore next */","    case 'node':","        local.testCase_buildApidoc_default = local.testCase_buildApidoc_default || function (","            options,","            onError","        ) {","        /*","         * this function will test buildApidoc's default handling-behavior-behavior","         */","            options = { modulePathList: module.paths };","            local.buildApidoc(options, onError);","        };","","        local.testCase_buildApp_default = local.testCase_buildApp_default || function (","            options,","            onError","        ) {","        /*","         * this function will test buildApp's default handling-behavior-behavior","         */","            local.testCase_buildReadme_default(options, local.onErrorThrow);","            local.testCase_buildLib_default(options, local.onErrorThrow);","            local.testCase_buildTest_default(options, local.onErrorThrow);","            local.testCase_buildCustomOrg_default(options, local.onErrorThrow);","            options = [];","            local.buildApp(options, onError);","        };","","        local.testCase_buildCustomOrg_default = local.testCase_buildCustomOrg_default ||","            function (options, onError) {","            /*","             * this function will test buildCustomOrg's default handling-behavior","             */","                options = {};","                local.buildCustomOrg(options, onError);","            };","","        local.testCase_buildLib_default = local.testCase_buildLib_default || function (","            options,","            onError","        ) {","        /*","         * this function will test buildLib's default handling-behavior","         */","            options = {};","            local.buildLib(options, onError);","        };","","        local.testCase_buildReadme_default = local.testCase_buildReadme_default || function (","            options,","            onError","        ) {","        /*","         * this function will test buildReadme's default handling-behavior-behavior","         */","            options = {};","            local.buildReadme(options, onError);","        };","","        local.testCase_buildTest_default = local.testCase_buildTest_default || function (","            options,","            onError","        ) {","        /*","         * this function will test buildTest's default handling-behavior","         */","            options = {};","            local.buildTest(options, onError);","        };","","        local.testCase_webpage_default = local.testCase_webpage_default || function (","            options,","            onError","        ) {","        /*","         * this function will test webpage's default handling-behavior","         */","            options = { modeCoverageMerge: true, url: local.serverLocalHost + '?modeTest=1' };","            local.browserTest(options, onError);","        };","","        // run test-server","        local.testRunServer(local);","        break;","    }","}());",""],"l":{"12":2,"14":2,"19":2,"21":2,"23":2,"24":2,"25":2,"30":1,"37":2,"40":2,"43":1,"47":1,"50":1,"52":1,"55":2,"61":2,"62":2,"64":2,"70":1,"76":1,"82":2,"83":2,"85":2,"91":1,"98":1,"102":1,"105":1,"112":1,"119":1,"120":1,"123":1,"130":1,"131":1,"132":1,"133":1,"134":1,"135":1,"138":1,"143":2,"144":2,"147":1,"154":2,"155":2,"158":1,"165":2,"166":2,"169":1,"176":2,"177":2,"180":1,"187":1,"188":1,"192":1,"193":1}},"/home/travis/build/npmtest/node-npmtest-dropzone/lib.npmtest_dropzone.js":{"path":"/home/travis/build/npmtest/node-npmtest-dropzone/lib.npmtest_dropzone.js","s":{"1":2,"2":2,"3":2,"4":2,"5":2,"6":2,"7":2,"8":1,"9":2,"10":2,"11":2,"12":2,"13":1,"14":1,"15":1,"16":1},"b":{"1":[2,1,1,1],"2":[1,1,1,1],"3":[1,1],"4":[2,2],"5":[1,1]},"f":{"1":2,"2":2,"3":2},"fnMap":{"1":{"name":"(anonymous_1)","line":12,"loc":{"start":{"line":12,"column":1},"end":{"line":12,"column":13}}},"2":{"name":"(anonymous_2)","line":19,"loc":{"start":{"line":19,"column":5},"end":{"line":19,"column":17}}},"3":{"name":"(anonymous_3)","line":23,"loc":{"start":{"line":23,"column":24},"end":{"line":23,"column":36}}}},"statementMap":{"1":{"start":{"line":12,"column":0},"end":{"line":53,"column":5}},"2":{"start":{"line":14,"column":4},"end":{"line":14,"column":14}},"3":{"start":{"line":19,"column":4},"end":{"line":52,"column":9}},"4":{"start":{"line":21,"column":8},"end":{"line":21,"column":19}},"5":{"start":{"line":23,"column":8},"end":{"line":35,"column":13}},"6":{"start":{"line":24,"column":12},"end":{"line":34,"column":13}},"7":{"start":{"line":25,"column":16},"end":{"line":28,"column":30}},"8":{"start":{"line":30,"column":16},"end":{"line":33,"column":27}},"9":{"start":{"line":37,"column":8},"end":{"line":39,"column":21}},"10":{"start":{"line":41,"column":8},"end":{"line":41,"column":54}},"11":{"start":{"line":43,"column":8},"end":{"line":43,"column":53}},"12":{"start":{"line":45,"column":8},"end":{"line":51,"column":9}},"13":{"start":{"line":46,"column":12},"end":{"line":46,"column":59}},"14":{"start":{"line":48,"column":12},"end":{"line":48,"column":35}},"15":{"start":{"line":49,"column":12},"end":{"line":49,"column":49}},"16":{"start":{"line":50,"column":12},"end":{"line":50,"column":43}}},"branchMap":{"1":{"line":25,"type":"binary-expr","locations":[{"start":{"line":25,"column":23},"end":{"line":25,"column":62}},{"start":{"line":26,"column":20},"end":{"line":26,"column":70}},{"start":{"line":27,"column":20},"end":{"line":27,"column":71}},{"start":{"line":28,"column":20},"end":{"line":28,"column":29}}]},"2":{"line":30,"type":"binary-expr","locations":[{"start":{"line":30,"column":23},"end":{"line":30,"column":37}},{"start":{"line":31,"column":20},"end":{"line":31,"column":61}},{"start":{"line":32,"column":20},"end":{"line":32,"column":70}},{"start":{"line":33,"column":20},"end":{"line":33,"column":26}}]},"3":{"line":37,"type":"cond-expr","locations":[{"start":{"line":38,"column":14},"end":{"line":38,"column":20}},{"start":{"line":39,"column":14},"end":{"line":39,"column":20}}]},"4":{"line":41,"type":"binary-expr","locations":[{"start":{"line":41,"column":16},"end":{"line":41,"column":44}},{"start":{"line":41,"column":48},"end":{"line":41,"column":53}}]},"5":{"line":45,"type":"if","locations":[{"start":{"line":45,"column":8},"end":{"line":45,"column":8}},{"start":{"line":45,"column":8},"end":{"line":45,"column":8}}]}},"code":["/* istanbul instrument in package npmtest_dropzone */","/*jslint","    bitwise: true,","    browser: true,","    maxerr: 8,","    maxlen: 96,","    node: true,","    nomen: true,","    regexp: true,","    stupid: true","*/","(function () {","    'use strict';","    var local;","","","","    // run shared js-env code - init-before","    (function () {","        // init local","        local = {};","        // init modeJs","        local.modeJs = (function () {","            try {","                return typeof navigator.userAgent === 'string' &&","                    typeof document.querySelector('body') === 'object' &&","                    typeof XMLHttpRequest.prototype.open === 'function' &&","                    'browser';","            } catch (errorCaughtBrowser) {","                return module.exports &&","                    typeof process.versions.node === 'string' &&","                    typeof require('http').createServer === 'function' &&","                    'node';","            }","        }());","        // init global","        local.global = local.modeJs === 'browser'","            ? window","            : global;","        // init utility2_rollup","        local = local.global.utility2_rollup || local;","        // init lib","        local.local = local.npmtest_dropzone = local;","        // init exports","        if (local.modeJs === 'browser') {","            local.global.utility2_npmtest_dropzone = local;","        } else {","            module.exports = local;","            module.exports.__dirname = __dirname;","            module.exports.module = module;","        }","    }());","}());",""],"l":{"12":2,"14":2,"19":2,"21":2,"23":2,"24":2,"25":2,"30":1,"37":2,"41":2,"43":2,"45":2,"46":1,"48":1,"49":1,"50":1}},"/home/travis/build/npmtest/node-npmtest-dropzone/example.js":{"path":"/home/travis/build/npmtest/node-npmtest-dropzone/example.js","s":{"1":2,"2":2,"3":2,"4":2,"5":2,"6":2,"7":2,"8":1,"9":2,"10":2,"11":2,"12":2,"13":1,"14":2,"15":2,"16":2,"17":2,"18":2,"19":0,"20":2,"21":1,"22":1,"23":1,"24":1,"25":1,"26":0,"27":0,"28":1,"29":1,"30":2,"31":0,"32":0,"33":0,"34":1,"35":2,"36":2,"37":3,"38":3,"39":3,"40":3,"41":0,"42":3,"43":3,"44":3,"45":1,"46":3,"47":1,"48":1,"49":1,"50":1,"51":1,"52":1,"53":1,"54":1,"55":1,"56":1,"57":0,"58":1,"59":6,"60":6,"61":1,"62":2,"63":0,"64":2,"65":1,"66":1,"67":0,"68":0,"69":0,"70":0,"71":0,"72":0,"73":0,"74":0,"75":0,"76":0,"77":0,"78":0,"79":0,"80":0,"81":0,"82":0,"83":0},"b":{"1":[2,1,1,1],"2":[1,1,1,1],"3":[1,1],"4":[2,2],"5":[1,1],"6":[1,1],"7":[2,0],"8":[2,1,1,1,1,1],"9":[0,2,0],"10":[1,1],"11":[2,1,1],"12":[1,0],"13":[0,2],"14":[2,0,0,0,0,0,0],"15":[0,3],"16":[3,0],"17":[1,1],"18":[0,1],"19":[1,2,0,2],"20":[1,0],"21":[1,1],"22":[0,0],"23":[0,0],"24":[0,0],"25":[0,0],"26":[0,0],"27":[0,0],"28":[0,0]},"f":{"1":2,"2":2,"3":2,"4":2,"5":2,"6":2,"7":3,"8":3,"9":3,"10":1,"11":6,"12":0},"fnMap":{"1":{"name":"(anonymous_1)","line":26,"loc":{"start":{"line":26,"column":1},"end":{"line":26,"column":13}}},"2":{"name":"(anonymous_2)","line":33,"loc":{"start":{"line":33,"column":5},"end":{"line":33,"column":17}}},"3":{"name":"(anonymous_3)","line":37,"loc":{"start":{"line":37,"column":24},"end":{"line":37,"column":36}}},"4":{"name":"(anonymous_4)","line":69,"loc":{"start":{"line":69,"column":31},"end":{"line":69,"column":48}},"skip":true},"5":{"name":"(anonymous_5)","line":78,"loc":{"start":{"line":78,"column":26},"end":{"line":78,"column":45}},"skip":true},"6":{"name":"(anonymous_6)","line":123,"loc":{"start":{"line":123,"column":33},"end":{"line":123,"column":48}},"skip":true},"7":{"name":"(anonymous_7)","line":125,"loc":{"start":{"line":125,"column":27},"end":{"line":125,"column":39}},"skip":true},"8":{"name":"(anonymous_8)","line":133,"loc":{"start":{"line":133,"column":59},"end":{"line":133,"column":74}},"skip":true},"9":{"name":"(anonymous_9)","line":143,"loc":{"start":{"line":143,"column":45},"end":{"line":143,"column":62}},"skip":true},"10":{"name":"(anonymous_10)","line":144,"loc":{"start":{"line":144,"column":73},"end":{"line":144,"column":92}},"skip":true},"11":{"name":"(anonymous_11)","line":272,"loc":{"start":{"line":272,"column":51},"end":{"line":272,"column":77}},"skip":true},"12":{"name":"(anonymous_12)","line":315,"loc":{"start":{"line":315,"column":32},"end":{"line":315,"column":61}},"skip":true}},"statementMap":{"1":{"start":{"line":26,"column":0},"end":{"line":326,"column":5}},"2":{"start":{"line":28,"column":4},"end":{"line":28,"column":14}},"3":{"start":{"line":33,"column":4},"end":{"line":60,"column":9}},"4":{"start":{"line":35,"column":8},"end":{"line":35,"column":19}},"5":{"start":{"line":37,"column":8},"end":{"line":49,"column":13}},"6":{"start":{"line":38,"column":12},"end":{"line":48,"column":13}},"7":{"start":{"line":39,"column":16},"end":{"line":42,"column":30}},"8":{"start":{"line":44,"column":16},"end":{"line":47,"column":27}},"9":{"start":{"line":51,"column":8},"end":{"line":53,"column":21}},"10":{"start":{"line":55,"column":8},"end":{"line":57,"column":45}},"11":{"start":{"line":59,"column":8},"end":{"line":59,"column":35}},"12":{"start":{"line":61,"column":4},"end":{"line":325,"column":5}},"13":{"start":{"line":69,"column":8},"end":{"line":121,"column":10},"skip":true},"14":{"start":{"line":70,"column":12},"end":{"line":88,"column":13},"skip":true},"15":{"start":{"line":76,"column":16},"end":{"line":87,"column":19},"skip":true},"16":{"start":{"line":79,"column":20},"end":{"line":86,"column":21},"skip":true},"17":{"start":{"line":82,"column":24},"end":{"line":82,"column":43},"skip":true},"18":{"start":{"line":83,"column":24},"end":{"line":83,"column":30},"skip":true},"19":{"start":{"line":85,"column":24},"end":{"line":85,"column":49},"skip":true},"20":{"start":{"line":89,"column":12},"end":{"line":107,"column":13},"skip":true},"21":{"start":{"line":92,"column":16},"end":{"line":102,"column":17},"skip":true},"22":{"start":{"line":93,"column":20},"end":{"line":93,"column":86},"skip":true},"23":{"start":{"line":94,"column":20},"end":{"line":95,"column":45},"skip":true},"24":{"start":{"line":96,"column":20},"end":{"line":96,"column":42},"skip":true},"25":{"start":{"line":97,"column":20},"end":{"line":97,"column":48},"skip":true},"26":{"start":{"line":100,"column":20},"end":{"line":100,"column":85},"skip":true},"27":{"start":{"line":101,"column":20},"end":{"line":101,"column":96},"skip":true},"28":{"start":{"line":103,"column":16},"end":{"line":103,"column":22},"skip":true},"29":{"start":{"line":106,"column":16},"end":{"line":106,"column":22},"skip":true},"30":{"start":{"line":108,"column":12},"end":{"line":120,"column":13},"skip":true},"31":{"start":{"line":114,"column":16},"end":{"line":119,"column":17},"skip":true},"32":{"start":{"line":116,"column":20},"end":{"line":116,"column":78},"skip":true},"33":{"start":{"line":118,"column":20},"end":{"line":118,"column":47},"skip":true},"34":{"start":{"line":123,"column":8},"end":{"line":141,"column":11},"skip":true},"35":{"start":{"line":124,"column":12},"end":{"line":124,"column":54},"skip":true},"36":{"start":{"line":125,"column":12},"end":{"line":140,"column":14},"skip":true},"37":{"start":{"line":126,"column":16},"end":{"line":126,"column":28},"skip":true},"38":{"start":{"line":127,"column":16},"end":{"line":127,"column":69},"skip":true},"39":{"start":{"line":128,"column":16},"end":{"line":128,"column":75},"skip":true},"40":{"start":{"line":129,"column":16},"end":{"line":131,"column":17},"skip":true},"41":{"start":{"line":130,"column":20},"end":{"line":130,"column":27},"skip":true},"42":{"start":{"line":133,"column":16},"end":{"line":137,"column":36},"skip":true},"43":{"start":{"line":134,"column":20},"end":{"line":136,"column":55},"skip":true},"44":{"start":{"line":139,"column":16},"end":{"line":139,"column":57},"skip":true},"45":{"start":{"line":143,"column":8},"end":{"line":147,"column":11},"skip":true},"46":{"start":{"line":144,"column":12},"end":{"line":146,"column":15},"skip":true},"47":{"start":{"line":145,"column":16},"end":{"line":145,"column":70},"skip":true},"48":{"start":{"line":149,"column":8},"end":{"line":149,"column":31},"skip":true},"49":{"start":{"line":150,"column":8},"end":{"line":150,"column":14},"skip":true},"50":{"start":{"line":158,"column":8},"end":{"line":158,"column":31},"skip":true},"51":{"start":{"line":160,"column":8},"end":{"line":160,"column":33},"skip":true},"52":{"start":{"line":161,"column":8},"end":{"line":161,"column":37},"skip":true},"53":{"start":{"line":162,"column":8},"end":{"line":162,"column":35},"skip":true},"54":{"start":{"line":164,"column":8},"end":{"line":164,"column":50},"skip":true},"55":{"start":{"line":166,"column":8},"end":{"line":256,"column":2},"skip":true},"56":{"start":{"line":258,"column":8},"end":{"line":286,"column":9},"skip":true},"57":{"start":{"line":259,"column":12},"end":{"line":269,"column":14},"skip":true},"58":{"start":{"line":271,"column":12},"end":{"line":285,"column":19},"skip":true},"59":{"start":{"line":274,"column":20},"end":{"line":274,"column":35},"skip":true},"60":{"start":{"line":275,"column":20},"end":{"line":284,"column":21},"skip":true},"61":{"start":{"line":277,"column":24},"end":{"line":277,"column":64},"skip":true},"62":{"start":{"line":279,"column":24},"end":{"line":279,"column":40},"skip":true},"63":{"start":{"line":281,"column":24},"end":{"line":281,"column":40},"skip":true},"64":{"start":{"line":283,"column":24},"end":{"line":283,"column":39},"skip":true},"65":{"start":{"line":288,"column":8},"end":{"line":290,"column":9},"skip":true},"66":{"start":{"line":289,"column":12},"end":{"line":289,"column":18},"skip":true},"67":{"start":{"line":291,"column":8},"end":{"line":293,"column":54},"skip":true},"68":{"start":{"line":296,"column":8},"end":{"line":301,"column":37},"skip":true},"69":{"start":{"line":303,"column":8},"end":{"line":303,"column":82},"skip":true},"70":{"start":{"line":306,"column":8},"end":{"line":308,"column":9},"skip":true},"71":{"start":{"line":307,"column":12},"end":{"line":307,"column":82},"skip":true},"72":{"start":{"line":310,"column":8},"end":{"line":312,"column":9},"skip":true},"73":{"start":{"line":311,"column":12},"end":{"line":311,"column":18},"skip":true},"74":{"start":{"line":313,"column":8},"end":{"line":313,"column":54},"skip":true},"75":{"start":{"line":314,"column":8},"end":{"line":314,"column":69},"skip":true},"76":{"start":{"line":315,"column":8},"end":{"line":323,"column":36},"skip":true},"77":{"start":{"line":316,"column":12},"end":{"line":316,"column":61},"skip":true},"78":{"start":{"line":317,"column":12},"end":{"line":320,"column":13},"skip":true},"79":{"start":{"line":318,"column":16},"end":{"line":318,"column":75},"skip":true},"80":{"start":{"line":319,"column":16},"end":{"line":319,"column":23},"skip":true},"81":{"start":{"line":321,"column":12},"end":{"line":321,"column":38},"skip":true},"82":{"start":{"line":322,"column":12},"end":{"line":322,"column":27},"skip":true},"83":{"start":{"line":324,"column":8},"end":{"line":324,"column":14},"skip":true}},"branchMap":{"1":{"line":39,"type":"binary-expr","locations":[{"start":{"line":39,"column":23},"end":{"line":39,"column":62}},{"start":{"line":40,"column":20},"end":{"line":40,"column":70}},{"start":{"line":41,"column":20},"end":{"line":41,"column":71}},{"start":{"line":42,"column":20},"end":{"line":42,"column":29}}]},"2":{"line":44,"type":"binary-expr","locations":[{"start":{"line":44,"column":23},"end":{"line":44,"column":37}},{"start":{"line":45,"column":20},"end":{"line":45,"column":61}},{"start":{"line":46,"column":20},"end":{"line":46,"column":70}},{"start":{"line":47,"column":20},"end":{"line":47,"column":26}}]},"3":{"line":51,"type":"cond-expr","locations":[{"start":{"line":52,"column":14},"end":{"line":52,"column":20}},{"start":{"line":53,"column":14},"end":{"line":53,"column":20}}]},"4":{"line":55,"type":"binary-expr","locations":[{"start":{"line":55,"column":16},"end":{"line":55,"column":44}},{"start":{"line":55,"column":49},"end":{"line":57,"column":43}}]},"5":{"line":55,"type":"cond-expr","locations":[{"start":{"line":56,"column":14},"end":{"line":56,"column":52}},{"start":{"line":57,"column":14},"end":{"line":57,"column":43}}]},"6":{"line":61,"type":"switch","locations":[{"start":{"line":68,"column":4},"end":{"line":150,"column":14},"skip":true},{"start":{"line":156,"column":4},"end":{"line":324,"column":14},"skip":true}]},"7":{"line":70,"type":"if","locations":[{"start":{"line":70,"column":12},"end":{"line":70,"column":12},"skip":true},{"start":{"line":70,"column":12},"end":{"line":70,"column":12},"skip":true}]},"8":{"line":70,"type":"binary-expr","locations":[{"start":{"line":70,"column":16},"end":{"line":70,"column":22},"skip":true},{"start":{"line":70,"column":27},"end":{"line":70,"column":32},"skip":true},{"start":{"line":71,"column":20},"end":{"line":71,"column":39},"skip":true},{"start":{"line":72,"column":20},"end":{"line":72,"column":49},"skip":true},{"start":{"line":73,"column":20},"end":{"line":73,"column":58},"skip":true},{"start":{"line":74,"column":20},"end":{"line":74,"column":69},"skip":true}]},"9":{"line":79,"type":"switch","locations":[{"start":{"line":80,"column":20},"end":{"line":80,"column":33},"skip":true},{"start":{"line":81,"column":20},"end":{"line":83,"column":30},"skip":true},{"start":{"line":84,"column":20},"end":{"line":85,"column":49},"skip":true}]},"10":{"line":89,"type":"switch","locations":[{"start":{"line":90,"column":12},"end":{"line":103,"column":22},"skip":true},{"start":{"line":105,"column":12},"end":{"line":106,"column":22},"skip":true}]},"11":{"line":89,"type":"binary-expr","locations":[{"start":{"line":89,"column":20},"end":{"line":89,"column":25},"skip":true},{"start":{"line":89,"column":29},"end":{"line":89,"column":48},"skip":true},{"start":{"line":89,"column":52},"end":{"line":89,"column":74},"skip":true}]},"12":{"line":92,"type":"if","locations":[{"start":{"line":92,"column":16},"end":{"line":92,"column":16},"skip":true},{"start":{"line":92,"column":16},"end":{"line":92,"column":16},"skip":true}]},"13":{"line":108,"type":"if","locations":[{"start":{"line":108,"column":12},"end":{"line":108,"column":12},"skip":true},{"start":{"line":108,"column":12},"end":{"line":108,"column":12},"skip":true}]},"14":{"line":108,"type":"binary-expr","locations":[{"start":{"line":108,"column":16},"end":{"line":108,"column":61},"skip":true},{"start":{"line":108,"column":66},"end":{"line":108,"column":72},"skip":true},{"start":{"line":108,"column":77},"end":{"line":108,"column":82},"skip":true},{"start":{"line":109,"column":20},"end":{"line":109,"column":39},"skip":true},{"start":{"line":110,"column":20},"end":{"line":110,"column":49},"skip":true},{"start":{"line":111,"column":20},"end":{"line":111,"column":58},"skip":true},{"start":{"line":112,"column":20},"end":{"line":112,"column":68},"skip":true}]},"15":{"line":129,"type":"if","locations":[{"start":{"line":129,"column":16},"end":{"line":129,"column":16},"skip":true},{"start":{"line":129,"column":16},"end":{"line":129,"column":16},"skip":true}]},"16":{"line":134,"type":"cond-expr","locations":[{"start":{"line":135,"column":26},"end":{"line":135,"column":29},"skip":true},{"start":{"line":136,"column":26},"end":{"line":136,"column":54},"skip":true}]},"17":{"line":164,"type":"binary-expr","locations":[{"start":{"line":164,"column":27},"end":{"line":164,"column":43},"skip":true},{"start":{"line":164,"column":47},"end":{"line":164,"column":49},"skip":true}]},"18":{"line":258,"type":"if","locations":[{"start":{"line":258,"column":8},"end":{"line":258,"column":8},"skip":true},{"start":{"line":258,"column":8},"end":{"line":258,"column":8},"skip":true}]},"19":{"line":275,"type":"switch","locations":[{"start":{"line":276,"column":20},"end":{"line":277,"column":64},"skip":true},{"start":{"line":278,"column":20},"end":{"line":279,"column":40},"skip":true},{"start":{"line":280,"column":20},"end":{"line":281,"column":40},"skip":true},{"start":{"line":282,"column":20},"end":{"line":283,"column":39},"skip":true}]},"20":{"line":288,"type":"if","locations":[{"start":{"line":288,"column":8},"end":{"line":288,"column":8},"skip":true},{"start":{"line":288,"column":8},"end":{"line":288,"column":8},"skip":true}]},"21":{"line":288,"type":"binary-expr","locations":[{"start":{"line":288,"column":12},"end":{"line":288,"column":40},"skip":true},{"start":{"line":288,"column":44},"end":{"line":288,"column":67},"skip":true}]},"22":{"line":292,"type":"binary-expr","locations":[{"start":{"line":292,"column":12},"end":{"line":292,"column":50},"skip":true},{"start":{"line":293,"column":12},"end":{"line":293,"column":53},"skip":true}]},"23":{"line":297,"type":"binary-expr","locations":[{"start":{"line":297,"column":12},"end":{"line":297,"column":66},"skip":true},{"start":{"line":298,"column":12},"end":{"line":301,"column":36},"skip":true}]},"24":{"line":303,"type":"binary-expr","locations":[{"start":{"line":303,"column":43},"end":{"line":303,"column":75},"skip":true},{"start":{"line":303,"column":79},"end":{"line":303,"column":81},"skip":true}]},"25":{"line":306,"type":"if","locations":[{"start":{"line":306,"column":8},"end":{"line":306,"column":8},"skip":true},{"start":{"line":306,"column":8},"end":{"line":306,"column":8},"skip":true}]},"26":{"line":310,"type":"if","locations":[{"start":{"line":310,"column":8},"end":{"line":310,"column":8},"skip":true},{"start":{"line":310,"column":8},"end":{"line":310,"column":8},"skip":true}]},"27":{"line":313,"type":"binary-expr","locations":[{"start":{"line":313,"column":27},"end":{"line":313,"column":43},"skip":true},{"start":{"line":313,"column":47},"end":{"line":313,"column":53},"skip":true}]},"28":{"line":317,"type":"if","locations":[{"start":{"line":317,"column":12},"end":{"line":317,"column":12},"skip":true},{"start":{"line":317,"column":12},"end":{"line":317,"column":12},"skip":true}]}},"code":["/*","example.js","","quickstart example","","instruction","    1. save this script as example.js","    2. run the shell command:","        $ npm install npmtest-dropzone && PORT=8081 node example.js","    3. play with the browser-demo on http://127.0.0.1:8081","*/","","","","/* istanbul instrument in package npmtest_dropzone */","/*jslint","    bitwise: true,","    browser: true,","    maxerr: 8,","    maxlen: 96,","    node: true,","    nomen: true,","    regexp: true,","    stupid: true","*/","(function () {","    'use strict';","    var local;","","","","    // run shared js-env code - init-before","    (function () {","        // init local","        local = {};","        // init modeJs","        local.modeJs = (function () {","            try {","                return typeof navigator.userAgent === 'string' &&","                    typeof document.querySelector('body') === 'object' &&","                    typeof XMLHttpRequest.prototype.open === 'function' &&","                    'browser';","            } catch (errorCaughtBrowser) {","                return module.exports &&","                    typeof process.versions.node === 'string' &&","                    typeof require('http').createServer === 'function' &&","                    'node';","            }","        }());","        // init global","        local.global = local.modeJs === 'browser'","            ? window","            : global;","        // init utility2_rollup","        local = local.global.utility2_rollup || (local.modeJs === 'browser'","            ? local.global.utility2_npmtest_dropzone","            : global.utility2_moduleExports);","        // export local","        local.global.local = local;","    }());","    switch (local.modeJs) {","","","","    // init-after","    // run browser js-env code - init-after","    /* istanbul ignore next */","    case 'browser':","        local.testRunBrowser = function (event) {","            if (!event || (event &&","                    event.currentTarget &&","                    event.currentTarget.className &&","                    event.currentTarget.className.includes &&","                    event.currentTarget.className.includes('onreset'))) {","                // reset output","                Array.from(","                    document.querySelectorAll('body > .resettable')","                ).forEach(function (element) {","                    switch (element.tagName) {","                    case 'INPUT':","                    case 'TEXTAREA':","                        element.value = '';","                        break;","                    default:","                        element.textContent = '';","                    }","                });","            }","            switch (event && event.currentTarget && event.currentTarget.id) {","            case 'testRunButton1':","                // show tests","                if (document.querySelector('#testReportDiv1').style.display === 'none') {","                    document.querySelector('#testReportDiv1').style.display = 'block';","                    document.querySelector('#testRunButton1').textContent =","                        'hide internal test';","                    local.modeTest = true;","                    local.testRunDefault(local);","                // hide tests","                } else {","                    document.querySelector('#testReportDiv1').style.display = 'none';","                    document.querySelector('#testRunButton1').textContent = 'run internal test';","                }","                break;","            // custom-case","            default:","                break;","            }","            if (document.querySelector('#inputTextareaEval1') && (!event || (event &&","                    event.currentTarget &&","                    event.currentTarget.className &&","                    event.currentTarget.className.includes &&","                    event.currentTarget.className.includes('oneval')))) {","                // try to eval input-code","                try {","                    /*jslint evil: true*/","                    eval(document.querySelector('#inputTextareaEval1').value);","                } catch (errorCaught) {","                    console.error(errorCaught);","                }","            }","        };","        // log stderr and stdout to #outputTextareaStdout1","        ['error', 'log'].forEach(function (key) {","            console[key + '_original'] = console[key];","            console[key] = function () {","                var element;","                console[key + '_original'].apply(console, arguments);","                element = document.querySelector('#outputTextareaStdout1');","                if (!element) {","                    return;","                }","                // append text to #outputTextareaStdout1","                element.value += Array.from(arguments).map(function (arg) {","                    return typeof arg === 'string'","                        ? arg","                        : JSON.stringify(arg, null, 4);","                }).join(' ') + '\\n';","                // scroll textarea to bottom","                element.scrollTop = element.scrollHeight;","            };","        });","        // init event-handling","        ['change', 'click', 'keyup'].forEach(function (event) {","            Array.from(document.querySelectorAll('.on' + event)).forEach(function (element) {","                element.addEventListener(event, local.testRunBrowser);","            });","        });","        // run tests","        local.testRunBrowser();","        break;","","","","    // run node js-env code - init-after","    /* istanbul ignore next */","    case 'node':","        // export local","        module.exports = local;","        // require modules","        local.fs = require('fs');","        local.http = require('http');","        local.url = require('url');","        // init assets","        local.assetsDict = local.assetsDict || {};","        /* jslint-ignore-begin */","        local.assetsDict['/assets.index.template.html'] = '\\","<!doctype html>\\n\\","<html lang=\"en\">\\n\\","<head>\\n\\","<meta charset=\"UTF-8\">\\n\\","<meta name=\"viewport\" content=\"width=device-width, initial-scale=1\">\\n\\","<title>{{env.npm_package_name}} (v{{env.npm_package_version}})</title>\\n\\","<style>\\n\\","/*csslint\\n\\","    box-sizing: false,\\n\\","    universal-selector: false\\n\\","*/\\n\\","* {\\n\\","    box-sizing: border-box;\\n\\","}\\n\\","body {\\n\\","    background: #dde;\\n\\","    font-family: Arial, Helvetica, sans-serif;\\n\\","    margin: 2rem;\\n\\","}\\n\\","body > * {\\n\\","    margin-bottom: 1rem;\\n\\","}\\n\\",".utility2FooterDiv {\\n\\","    margin-top: 20px;\\n\\","    text-align: center;\\n\\","}\\n\\","</style>\\n\\","<style>\\n\\","/*csslint\\n\\","*/\\n\\","textarea {\\n\\","    font-family: monospace;\\n\\","    height: 10rem;\\n\\","    width: 100%;\\n\\","}\\n\\","textarea[readonly] {\\n\\","    background: #ddd;\\n\\","}\\n\\","</style>\\n\\","</head>\\n\\","<body>\\n\\","<!-- utility2-comment\\n\\","<div id=\"ajaxProgressDiv1\" style=\"background: #d00; height: 2px; left: 0; margin: 0; padding: 0; position: fixed; top: 0; transition: background 0.5s, width 1.5s; width: 25%;\"></div>\\n\\","utility2-comment -->\\n\\","<h1>\\n\\","<!-- utility2-comment\\n\\","    <a\\n\\","        {{#if env.npm_package_homepage}}\\n\\","        href=\"{{env.npm_package_homepage}}\"\\n\\","        {{/if env.npm_package_homepage}}\\n\\","        target=\"_blank\"\\n\\","    >\\n\\","utility2-comment -->\\n\\","        {{env.npm_package_name}} (v{{env.npm_package_version}})\\n\\","<!-- utility2-comment\\n\\","    </a>\\n\\","utility2-comment -->\\n\\","</h1>\\n\\","<h3>{{env.npm_package_description}}</h3>\\n\\","<!-- utility2-comment\\n\\","<h4><a download href=\"assets.app.js\">download standalone app</a></h4>\\n\\","<button class=\"onclick onreset\" id=\"testRunButton1\">run internal test</button><br>\\n\\","<div id=\"testReportDiv1\" style=\"display: none;\"></div>\\n\\","utility2-comment -->\\n\\","\\n\\","\\n\\","\\n\\","<label>stderr and stdout</label>\\n\\","<textarea class=\"resettable\" id=\"outputTextareaStdout1\" readonly></textarea>\\n\\","<!-- utility2-comment\\n\\","{{#if isRollup}}\\n\\","<script src=\"assets.app.js\"></script>\\n\\","{{#unless isRollup}}\\n\\","utility2-comment -->\\n\\","<script src=\"assets.utility2.rollup.js\"></script>\\n\\","<script src=\"jsonp.utility2._stateInit?callback=window.utility2._stateInit\"></script>\\n\\","<script src=\"assets.npmtest_dropzone.rollup.js\"></script>\\n\\","<script src=\"assets.example.js\"></script>\\n\\","<script src=\"assets.test.js\"></script>\\n\\","<!-- utility2-comment\\n\\","{{/if isRollup}}\\n\\","utility2-comment -->\\n\\","<div class=\"utility2FooterDiv\">\\n\\","    [ this app was created with\\n\\","    <a href=\"https://github.com/kaizhu256/node-utility2\" target=\"_blank\">utility2</a>\\n\\","    ]\\n\\","</div>\\n\\","</body>\\n\\","</html>\\n\\","';","        /* jslint-ignore-end */","        if (local.templateRender) {","            local.assetsDict['/'] = local.templateRender(","                local.assetsDict['/assets.index.template.html'],","                {","                    env: local.objectSetDefault(local.env, {","                        npm_package_description: 'the greatest app in the world!',","                        npm_package_name: 'my-app',","                        npm_package_nameAlias: 'my_app',","                        npm_package_version: '0.0.1'","                    })","                }","            );","        } else {","            local.assetsDict['/'] = local.assetsDict['/assets.index.template.html']","                .replace((/\\{\\{env\\.(\\w+?)\\}\\}/g), function (match0, match1) {","                    // jslint-hack","                    String(match0);","                    switch (match1) {","                    case 'npm_package_description':","                        return 'the greatest app in the world!';","                    case 'npm_package_name':","                        return 'my-app';","                    case 'npm_package_nameAlias':","                        return 'my_app';","                    case 'npm_package_version':","                        return '0.0.1';","                    }","                });","        }","        // run the cli","        if (local.global.utility2_rollup || module !== require.main) {","            break;","        }","        local.assetsDict['/assets.example.js'] =","            local.assetsDict['/assets.example.js'] ||","            local.fs.readFileSync(__filename, 'utf8');","        // bug-workaround - long $npm_package_buildCustomOrg","        /* jslint-ignore-begin */","        local.assetsDict['/assets.npmtest_dropzone.rollup.js'] =","            local.assetsDict['/assets.npmtest_dropzone.rollup.js'] ||","            local.fs.readFileSync(","                local.npmtest_dropzone.__dirname + '/lib.npmtest_dropzone.js',","                'utf8'","            ).replace((/^#!/), '//');","        /* jslint-ignore-end */","        local.assetsDict['/favicon.ico'] = local.assetsDict['/favicon.ico'] || '';","        // if $npm_config_timeout_exit exists,","        // then exit this process after $npm_config_timeout_exit ms","        if (Number(process.env.npm_config_timeout_exit)) {","            setTimeout(process.exit, Number(process.env.npm_config_timeout_exit));","        }","        // start server","        if (local.global.utility2_serverHttp1) {","            break;","        }","        process.env.PORT = process.env.PORT || '8081';","        console.error('server starting on port ' + process.env.PORT);","        local.http.createServer(function (request, response) {","            request.urlParsed = local.url.parse(request.url);","            if (local.assetsDict[request.urlParsed.pathname] !== undefined) {","                response.end(local.assetsDict[request.urlParsed.pathname]);","                return;","            }","            response.statusCode = 404;","            response.end();","        }).listen(process.env.PORT);","        break;","    }","}());",""],"l":{"26":2,"28":2,"33":2,"35":2,"37":2,"38":2,"39":2,"44":1,"51":2,"55":2,"59":2,"61":2,"69":1,"70":2,"76":2,"79":2,"82":2,"83":2,"85":1,"89":2,"92":1,"93":1,"94":1,"96":1,"97":1,"100":1,"101":1,"103":1,"106":1,"108":2,"114":1,"116":1,"118":1,"123":1,"124":2,"125":2,"126":3,"127":3,"128":3,"129":3,"130":1,"133":3,"134":3,"139":3,"143":1,"144":3,"145":1,"149":1,"150":1,"158":1,"160":1,"161":1,"162":1,"164":1,"166":1,"258":1,"259":1,"271":1,"274":6,"275":6,"277":1,"279":2,"281":1,"283":2,"288":1,"289":1,"291":1,"296":1,"303":1,"306":1,"307":1,"310":1,"311":1,"313":1,"314":1,"315":1,"316":1,"317":1,"318":1,"319":1,"321":1,"322":1,"324":1}},"/home/travis/build/npmtest/node-npmtest-dropzone/node_modules/dropzone/dist/dropzone.js":{"path":"/home/travis/build/npmtest/node-npmtest-dropzone/node_modules/dropzone/dist/dropzone.js","s":{"1":2,"2":2,"3":2,"4":0,"5":0,"6":1,"7":2,"8":2,"9":2,"10":2,"11":2,"12":2,"13":2,"14":1,"15":2,"16":2,"17":0,"18":0,"19":0,"20":0,"21":0,"22":2,"23":0,"24":0,"25":0,"26":0,"27":0,"28":0,"29":0,"30":0,"31":0,"32":2,"33":2,"34":2,"35":2,"36":0,"37":0,"38":0,"39":0,"40":0,"41":0,"42":0,"43":0,"44":0,"45":0,"46":0,"47":0,"48":0,"49":0,"50":0,"51":0,"52":2,"53":2,"54":2,"55":2,"56":2,"57":2,"58":2,"59":0,"60":0,"61":0,"62":0,"63":0,"64":0,"65":0,"66":0,"67":0,"68":0,"69":0,"70":0,"71":0,"72":0,"73":0,"74":0,"75":0,"76":0,"77":0,"78":0,"79":0,"80":0,"81":0,"82":0,"83":0,"84":0,"85":0,"86":0,"87":0,"88":0,"89":0,"90":0,"91":0,"92":0,"93":0,"94":0,"95":0,"96":0,"97":0,"98":0,"99":0,"100":0,"101":0,"102":0,"103":0,"104":0,"105":0,"106":0,"107":0,"108":0,"109":0,"110":0,"111":0,"112":0,"113":0,"114":0,"115":0,"116":0,"117":0,"118":0,"119":0,"120":0,"121":0,"122":0,"123":0,"124":0,"125":0,"126":0,"127":0,"128":0,"129":0,"130":0,"131":0,"132":0,"133":0,"134":0,"135":0,"136":0,"137":0,"138":0,"139":0,"140":0,"141":0,"142":0,"143":0,"144":0,"145":0,"146":0,"147":0,"148":0,"149":0,"150":0,"151":0,"152":0,"153":0,"154":0,"155":0,"156":0,"157":0,"158":0,"159":0,"160":0,"161":0,"162":0,"163":0,"164":0,"165":0,"166":0,"167":0,"168":0,"169":0,"170":0,"171":0,"172":0,"173":0,"174":0,"175":0,"176":0,"177":0,"178":0,"179":0,"180":0,"181":0,"182":0,"183":0,"184":0,"185":0,"186":0,"187":0,"188":0,"189":0,"190":0,"191":0,"192":0,"193":2,"194":0,"195":0,"196":0,"197":0,"198":0,"199":0,"200":0,"201":0,"202":1,"203":0,"204":0,"205":0,"206":0,"207":0,"208":0,"209":0,"210":0,"211":0,"212":0,"213":0,"214":0,"215":0,"216":0,"217":0,"218":0,"219":0,"220":0,"221":0,"222":0,"223":0,"224":0,"225":0,"226":0,"227":0,"228":0,"229":0,"230":0,"231":0,"232":0,"233":0,"234":0,"235":0,"236":0,"237":0,"238":0,"239":0,"240":0,"241":0,"242":0,"243":2,"244":0,"245":0,"246":0,"247":0,"248":0,"249":0,"250":0,"251":0,"252":2,"253":0,"254":0,"255":0,"256":0,"257":0,"258":0,"259":0,"260":0,"261":2,"262":0,"263":0,"264":0,"265":0,"266":0,"267":0,"268":0,"269":0,"270":2,"271":0,"272":2,"273":0,"274":2,"275":0,"276":2,"277":0,"278":0,"279":0,"280":0,"281":0,"282":0,"283":0,"284":0,"285":2,"286":0,"287":0,"288":0,"289":0,"290":0,"291":0,"292":0,"293":0,"294":0,"295":0,"296":0,"297":0,"298":0,"299":0,"300":0,"301":0,"302":0,"303":0,"304":0,"305":0,"306":0,"307":0,"308":0,"309":0,"310":0,"311":0,"312":0,"313":0,"314":0,"315":0,"316":0,"317":0,"318":0,"319":0,"320":0,"321":0,"322":0,"323":0,"324":0,"325":0,"326":0,"327":0,"328":0,"329":0,"330":0,"331":0,"332":0,"333":0,"334":0,"335":0,"336":0,"337":0,"338":0,"339":0,"340":0,"341":0,"342":0,"343":0,"344":0,"345":0,"346":0,"347":0,"348":0,"349":0,"350":0,"351":0,"352":0,"353":0,"354":0,"355":0,"356":0,"357":0,"358":0,"359":0,"360":0,"361":0,"362":0,"363":0,"364":0,"365":0,"366":0,"367":0,"368":0,"369":0,"370":0,"371":0,"372":0,"373":0,"374":2,"375":0,"376":0,"377":0,"378":0,"379":0,"380":0,"381":0,"382":0,"383":2,"384":0,"385":0,"386":0,"387":0,"388":0,"389":0,"390":0,"391":0,"392":0,"393":0,"394":0,"395":0,"396":0,"397":2,"398":0,"399":0,"400":0,"401":2,"402":0,"403":0,"404":0,"405":2,"406":0,"407":0,"408":0,"409":0,"410":0,"411":0,"412":0,"413":0,"414":0,"415":0,"416":0,"417":0,"418":0,"419":0,"420":2,"421":0,"422":0,"423":0,"424":0,"425":0,"426":0,"427":0,"428":0,"429":0,"430":0,"431":0,"432":0,"433":2,"434":0,"435":0,"436":0,"437":0,"438":0,"439":0,"440":0,"441":0,"442":0,"443":0,"444":0,"445":0,"446":0,"447":0,"448":2,"449":0,"450":0,"451":0,"452":0,"453":0,"454":0,"455":0,"456":0,"457":0,"458":0,"459":0,"460":0,"461":0,"462":0,"463":2,"464":0,"465":0,"466":0,"467":0,"468":0,"469":0,"470":0,"471":0,"472":0,"473":0,"474":2,"475":0,"476":0,"477":0,"478":2,"479":0,"480":0,"481":0,"482":0,"483":0,"484":0,"485":0,"486":0,"487":0,"488":0,"489":0,"490":0,"491":0,"492":0,"493":2,"494":0,"495":0,"496":0,"497":0,"498":0,"499":2,"500":0,"501":0,"502":0,"503":0,"504":0,"505":0,"506":0,"507":0,"508":0,"509":0,"510":0,"511":2,"512":0,"513":0,"514":0,"515":0,"516":0,"517":0,"518":0,"519":2,"520":0,"521":0,"522":0,"523":0,"524":0,"525":0,"526":2,"527":0,"528":0,"529":0,"530":0,"531":0,"532":0,"533":0,"534":0,"535":0,"536":0,"537":0,"538":0,"539":0,"540":0,"541":0,"542":0,"543":2,"544":0,"545":0,"546":0,"547":0,"548":0,"549":0,"550":0,"551":0,"552":0,"553":0,"554":0,"555":0,"556":0,"557":0,"558":0,"559":0,"560":0,"561":0,"562":0,"563":0,"564":0,"565":0,"566":2,"567":0,"568":0,"569":0,"570":0,"571":0,"572":0,"573":0,"574":0,"575":2,"576":0,"577":0,"578":0,"579":0,"580":0,"581":0,"582":0,"583":0,"584":0,"585":0,"586":0,"587":0,"588":0,"589":0,"590":2,"591":0,"592":0,"593":0,"594":0,"595":0,"596":2,"597":0,"598":0,"599":0,"600":0,"601":0,"602":0,"603":0,"604":2,"605":2,"606":2,"607":0,"608":0,"609":0,"610":0,"611":0,"612":2,"613":0,"614":0,"615":0,"616":0,"617":0,"618":0,"619":0,"620":2,"621":0,"622":0,"623":0,"624":0,"625":0,"626":0,"627":2,"628":0,"629":0,"630":0,"631":0,"632":0,"633":0,"634":0,"635":0,"636":0,"637":2,"638":0,"639":0,"640":0,"641":0,"642":0,"643":0,"644":0,"645":0,"646":0,"647":0,"648":0,"649":2,"650":0,"651":0,"652":0,"653":0,"654":0,"655":0,"656":0,"657":0,"658":0,"659":0,"660":0,"661":0,"662":0,"663":0,"664":0,"665":0,"666":0,"667":0,"668":0,"669":0,"670":0,"671":0,"672":0,"673":0,"674":0,"675":0,"676":2,"677":0,"678":0,"679":0,"680":0,"681":0,"682":0,"683":0,"684":0,"685":0,"686":0,"687":0,"688":0,"689":0,"690":0,"691":0,"692":0,"693":2,"694":0,"695":2,"696":0,"697":0,"698":0,"699":0,"700":0,"701":0,"702":0,"703":0,"704":0,"705":2,"706":0,"707":0,"708":0,"709":0,"710":0,"711":0,"712":0,"713":0,"714":0,"715":0,"716":2,"717":0,"718":0,"719":0,"720":0,"721":0,"722":0,"723":0,"724":0,"725":0,"726":0,"727":0,"728":0,"729":0,"730":0,"731":0,"732":0,"733":0,"734":0,"735":0,"736":2,"737":0,"738":0,"739":0,"740":0,"741":0,"742":2,"743":0,"744":2,"745":0,"746":0,"747":0,"748":0,"749":0,"750":0,"751":0,"752":0,"753":0,"754":0,"755":0,"756":0,"757":0,"758":0,"759":0,"760":0,"761":0,"762":0,"763":0,"764":0,"765":0,"766":0,"767":0,"768":0,"769":0,"770":0,"771":0,"772":0,"773":0,"774":0,"775":0,"776":0,"777":0,"778":0,"779":0,"780":0,"781":0,"782":0,"783":0,"784":0,"785":0,"786":0,"787":0,"788":0,"789":0,"790":0,"791":0,"792":0,"793":0,"794":0,"795":0,"796":0,"797":0,"798":0,"799":0,"800":0,"801":0,"802":0,"803":0,"804":0,"805":0,"806":0,"807":0,"808":0,"809":0,"810":0,"811":0,"812":0,"813":0,"814":0,"815":0,"816":0,"817":0,"818":0,"819":0,"820":0,"821":0,"822":0,"823":0,"824":0,"825":0,"826":0,"827":0,"828":0,"829":0,"830":0,"831":0,"832":0,"833":0,"834":0,"835":0,"836":0,"837":0,"838":0,"839":0,"840":0,"841":0,"842":0,"843":0,"844":0,"845":2,"846":0,"847":2,"848":0,"849":0,"850":0,"851":0,"852":0,"853":0,"854":0,"855":0,"856":0,"857":0,"858":0,"859":2,"860":0,"861":0,"862":0,"863":0,"864":0,"865":0,"866":0,"867":0,"868":0,"869":0,"870":0,"871":2,"872":2,"873":2,"874":2,"875":0,"876":0,"877":0,"878":2,"879":2,"880":0,"881":0,"882":0,"883":0,"884":0,"885":2,"886":2,"887":0,"888":0,"889":0,"890":0,"891":0,"892":0,"893":0,"894":0,"895":0,"896":0,"897":0,"898":0,"899":0,"900":0,"901":0,"902":0,"903":0,"904":0,"905":0,"906":0,"907":0,"908":0,"909":2,"910":2,"911":0,"912":0,"913":0,"914":0,"915":0,"916":0,"917":0,"918":0,"919":0,"920":0,"921":0,"922":0,"923":0,"924":2,"925":0,"926":0,"927":0,"928":0,"929":0,"930":0,"931":0,"932":2,"933":0,"934":0,"935":2,"936":0,"937":0,"938":0,"939":0,"940":2,"941":0,"942":0,"943":0,"944":0,"945":0,"946":0,"947":2,"948":0,"949":0,"950":0,"951":0,"952":0,"953":0,"954":0,"955":0,"956":2,"957":0,"958":0,"959":0,"960":0,"961":0,"962":0,"963":0,"964":0,"965":0,"966":0,"967":0,"968":0,"969":0,"970":0,"971":0,"972":0,"973":0,"974":0,"975":0,"976":0,"977":2,"978":0,"979":0,"980":0,"981":0,"982":2,"983":0,"984":0,"985":0,"986":0,"987":0,"988":0,"989":0,"990":0,"991":0,"992":0,"993":0,"994":0,"995":0,"996":0,"997":0,"998":0,"999":0,"1000":0,"1001":2,"1002":0,"1003":0,"1004":0,"1005":2,"1006":2,"1007":0,"1008":2,"1009":2,"1010":2,"1011":2,"1012":2,"1013":2,"1014":2,"1015":2,"1016":2,"1017":0,"1018":0,"1019":0,"1020":0,"1021":0,"1022":0,"1023":0,"1024":0,"1025":0,"1026":0,"1027":0,"1028":0,"1029":0,"1030":0,"1031":0,"1032":0,"1033":0,"1034":0,"1035":0,"1036":0,"1037":0,"1038":0,"1039":2,"1040":0,"1041":0,"1042":0,"1043":2,"1044":0,"1045":0,"1046":0,"1047":0,"1048":0,"1049":0,"1050":0,"1051":0,"1052":0,"1053":0,"1054":0,"1055":0,"1056":0,"1057":0,"1058":0,"1059":0,"1060":0,"1061":0,"1062":0,"1063":0,"1064":0,"1065":0,"1066":0,"1067":0,"1068":0,"1069":0,"1070":0,"1071":0,"1072":0,"1073":0,"1074":0,"1075":2,"1076":0,"1077":0,"1078":2},"b":{"1":[0,0],"2":[0,0],"3":[0,0],"4":[0,0],"5":[0,0],"6":[0,0],"7":[0,0],"8":[0,0],"9":[0,0],"10":[0,0],"11":[0,0],"12":[0,0],"13":[0,0],"14":[0,0],"15":[0,0],"16":[0,0],"17":[0,0],"18":[0,0],"19":[0,0],"20":[0,0],"21":[0,0],"22":[0,0],"23":[0,0],"24":[0,0],"25":[0,0],"26":[0,0],"27":[0,0],"28":[0,0],"29":[0,0],"30":[0,0],"31":[0,0],"32":[0,0],"33":[0,0],"34":[0,0],"35":[0,0],"36":[0,0],"37":[0,0],"38":[0,0],"39":[0,0],"40":[0,0],"41":[0,0],"42":[0,0],"43":[0,0],"44":[0,0],"45":[0,0],"46":[0,0],"47":[0,0],"48":[0,0],"49":[0,0],"50":[0,0],"51":[0,0],"52":[0,0],"53":[0,0],"54":[0,0],"55":[0,0],"56":[0,0],"57":[0,0],"58":[0,0],"59":[0,0],"60":[0,0],"61":[0,0],"62":[0,0],"63":[0,0],"64":[0,0],"65":[0,0],"66":[0,0],"67":[0,0],"68":[0,0],"69":[0,0],"70":[0,0],"71":[0,0],"72":[0,0],"73":[0,0],"74":[0,0],"75":[0,0],"76":[0,0],"77":[0,0],"78":[0,0],"79":[0,0,0],"80":[0,0],"81":[0,0],"82":[0,0],"83":[0,0],"84":[0,0,0],"85":[0,0],"86":[0,0],"87":[0,0],"88":[0,0],"89":[0,0],"90":[0,0],"91":[0,0],"92":[0,0],"93":[0,0],"94":[0,0],"95":[0,0],"96":[0,0],"97":[0,0],"98":[0,0],"99":[0,0],"100":[0,0],"101":[0,0],"102":[0,0],"103":[0,0],"104":[0,0],"105":[0,0],"106":[0,0,0],"107":[0,0],"108":[0,0],"109":[0,0],"110":[0,0],"111":[0,0],"112":[0,0],"113":[0,0],"114":[0,0],"115":[0,0],"116":[0,0],"117":[0,0],"118":[0,0],"119":[0,0],"120":[0,0],"121":[0,0],"122":[0,0],"123":[0,0],"124":[0,0],"125":[0,0],"126":[0,0],"127":[0,0],"128":[0,0],"129":[0,0],"130":[0,0],"131":[0,0],"132":[0,0],"133":[0,0],"134":[0,0],"135":[0,0],"136":[0,0,0],"137":[0,0],"138":[0,0],"139":[0,0],"140":[0,0],"141":[0,0],"142":[0,0],"143":[0,0],"144":[0,0],"145":[0,0],"146":[0,0],"147":[0,0],"148":[0,0],"149":[0,0],"150":[0,0],"151":[0,0],"152":[0,0],"153":[0,0],"154":[0,0],"155":[0,0],"156":[0,0],"157":[0,0],"158":[0,0],"159":[0,0],"160":[0,0],"161":[0,0],"162":[0,0],"163":[0,0],"164":[0,0],"165":[0,0],"166":[0,0],"167":[0,0],"168":[0,0],"169":[0,0],"170":[0,0],"171":[0,0],"172":[0,0],"173":[0,0],"174":[0,0],"175":[0,0],"176":[0,0],"177":[0,0],"178":[0,0],"179":[0,0],"180":[0,0],"181":[0,0],"182":[0,0],"183":[0,0],"184":[0,0],"185":[0,0],"186":[0,0],"187":[0,0],"188":[0,0],"189":[0,0],"190":[0,0],"191":[0,0,0,0],"192":[0,0],"193":[0,0],"194":[0,0],"195":[0,0],"196":[0,0],"197":[0,0],"198":[0,0],"199":[0,0],"200":[0,0],"201":[0,0],"202":[0,0],"203":[0,0],"204":[0,0],"205":[0,0],"206":[0,0,0,0,0,0],"207":[0,0],"208":[0,0],"209":[0,0],"210":[0,0],"211":[0,0],"212":[0,0],"213":[0,0],"214":[0,0],"215":[0,0],"216":[0,0],"217":[0,0],"218":[0,0],"219":[0,0],"220":[0,0],"221":[0,0],"222":[0,0],"223":[0,0],"224":[0,0],"225":[0,0],"226":[0,0],"227":[0,0],"228":[0,2],"229":[2,0],"230":[2,0],"231":[2,2],"232":[0,0],"233":[0,0],"234":[0,0],"235":[0,0],"236":[0,0],"237":[0,0],"238":[0,0],"239":[0,0],"240":[0,0],"241":[0,0],"242":[0,0],"243":[0,0],"244":[0,0],"245":[0,0],"246":[0,0],"247":[0,0]},"f":{"1":2,"2":2,"3":2,"4":0,"5":2,"6":0,"7":0,"8":0,"9":0,"10":2,"11":0,"12":0,"13":0,"14":0,"15":0,"16":0,"17":0,"18":0,"19":0,"20":0,"21":0,"22":0,"23":0,"24":0,"25":0,"26":0,"27":0,"28":0,"29":0,"30":0,"31":0,"32":0,"33":0,"34":0,"35":0,"36":0,"37":0,"38":0,"39":0,"40":0,"41":0,"42":0,"43":0,"44":0,"45":0,"46":0,"47":0,"48":0,"49":0,"50":0,"51":0,"52":0,"53":0,"54":0,"55":0,"56":0,"57":0,"58":0,"59":0,"60":0,"61":0,"62":0,"63":0,"64":0,"65":0,"66":0,"67":0,"68":0,"69":0,"70":0,"71":0,"72":0,"73":0,"74":0,"75":0,"76":0,"77":0,"78":0,"79":0,"80":0,"81":0,"82":0,"83":0,"84":0,"85":0,"86":0,"87":0,"88":0,"89":0,"90":0,"91":0,"92":0,"93":0,"94":0,"95":0,"96":0,"97":0,"98":0,"99":0,"100":0,"101":0,"102":0,"103":0,"104":0,"105":0,"106":0,"107":0,"108":0,"109":0,"110":0,"111":0,"112":0,"113":0,"114":0,"115":0,"116":0,"117":0,"118":0,"119":0,"120":0,"121":0,"122":0,"123":0,"124":0,"125":0,"126":0,"127":0,"128":0,"129":0,"130":0,"131":0,"132":0,"133":0,"134":0,"135":0,"136":0,"137":0,"138":0,"139":0,"140":0,"141":0,"142":0,"143":0,"144":0,"145":0,"146":0,"147":0,"148":0,"149":0,"150":0,"151":0,"152":0,"153":0,"154":0,"155":0,"156":0,"157":0,"158":0,"159":0,"160":0,"161":0,"162":0,"163":0,"164":0},"fnMap":{"1":{"name":"(anonymous_1)","line":28,"loc":{"start":{"line":28,"column":1},"end":{"line":28,"column":12}}},"2":{"name":"(anonymous_2)","line":32,"loc":{"start":{"line":32,"column":16},"end":{"line":32,"column":40}}},"3":{"name":"ctor","line":32,"loc":{"start":{"line":32,"column":129},"end":{"line":32,"column":145}}},"4":{"name":"(anonymous_4)","line":34,"loc":{"start":{"line":34,"column":9},"end":{"line":34,"column":20}}},"5":{"name":"(anonymous_5)","line":36,"loc":{"start":{"line":36,"column":13},"end":{"line":36,"column":24}}},"6":{"name":"Emitter","line":37,"loc":{"start":{"line":37,"column":4},"end":{"line":37,"column":23}}},"7":{"name":"(anonymous_7)","line":41,"loc":{"start":{"line":41,"column":27},"end":{"line":41,"column":47}}},"8":{"name":"(anonymous_8)","line":50,"loc":{"start":{"line":50,"column":29},"end":{"line":50,"column":40}}},"9":{"name":"(anonymous_9)","line":70,"loc":{"start":{"line":70,"column":28},"end":{"line":70,"column":48}}},"10":{"name":"(anonymous_10)","line":98,"loc":{"start":{"line":98,"column":14},"end":{"line":98,"column":31}}},"11":{"name":"(anonymous_11)","line":153,"loc":{"start":{"line":153,"column":14},"end":{"line":153,"column":35}}},"12":{"name":"(anonymous_12)","line":156,"loc":{"start":{"line":156,"column":12},"end":{"line":156,"column":23}}},"13":{"name":"(anonymous_13)","line":160,"loc":{"start":{"line":160,"column":16},"end":{"line":160,"column":27}}},"14":{"name":"(anonymous_14)","line":186,"loc":{"start":{"line":186,"column":14},"end":{"line":186,"column":29}}},"15":{"name":"(anonymous_15)","line":231,"loc":{"start":{"line":231,"column":12},"end":{"line":231,"column":24}}},"16":{"name":"(anonymous_16)","line":235,"loc":{"start":{"line":235,"column":15},"end":{"line":235,"column":27}}},"17":{"name":"(anonymous_17)","line":238,"loc":{"start":{"line":238,"column":17},"end":{"line":238,"column":29}}},"18":{"name":"(anonymous_18)","line":241,"loc":{"start":{"line":241,"column":16},"end":{"line":241,"column":28}}},"19":{"name":"(anonymous_19)","line":244,"loc":{"start":{"line":244,"column":17},"end":{"line":244,"column":29}}},"20":{"name":"(anonymous_20)","line":248,"loc":{"start":{"line":248,"column":13},"end":{"line":248,"column":24}}},"21":{"name":"(anonymous_21)","line":251,"loc":{"start":{"line":251,"column":17},"end":{"line":251,"column":32}}},"22":{"name":"(anonymous_22)","line":274,"loc":{"start":{"line":274,"column":29},"end":{"line":274,"column":45}}},"23":{"name":"(anonymous_23)","line":275,"loc":{"start":{"line":275,"column":19},"end":{"line":275,"column":31}}},"24":{"name":"(anonymous_24)","line":279,"loc":{"start":{"line":279,"column":84},"end":{"line":279,"column":95}}},"25":{"name":"(anonymous_25)","line":284,"loc":{"start":{"line":284,"column":84},"end":{"line":284,"column":95}}},"26":{"name":"(anonymous_26)","line":302,"loc":{"start":{"line":302,"column":19},"end":{"line":302,"column":34}}},"27":{"name":"(anonymous_27)","line":311,"loc":{"start":{"line":311,"column":17},"end":{"line":311,"column":41}}},"28":{"name":"(anonymous_28)","line":321,"loc":{"start":{"line":321,"column":30},"end":{"line":321,"column":46}}},"29":{"name":"(anonymous_29)","line":322,"loc":{"start":{"line":322,"column":19},"end":{"line":322,"column":30}}},"30":{"name":"(anonymous_30)","line":328,"loc":{"start":{"line":328,"column":13},"end":{"line":328,"column":37}}},"31":{"name":"(anonymous_31)","line":345,"loc":{"start":{"line":345,"column":18},"end":{"line":345,"column":33}}},"32":{"name":"(anonymous_32)","line":354,"loc":{"start":{"line":354,"column":22},"end":{"line":354,"column":58}}},"33":{"name":"(anonymous_33)","line":373,"loc":{"start":{"line":373,"column":15},"end":{"line":373,"column":30}}},"34":{"name":"(anonymous_34)","line":379,"loc":{"start":{"line":379,"column":16},"end":{"line":379,"column":31}}},"35":{"name":"(anonymous_35)","line":383,"loc":{"start":{"line":383,"column":16},"end":{"line":383,"column":31}}},"36":{"name":"(anonymous_36)","line":399,"loc":{"start":{"line":399,"column":13},"end":{"line":399,"column":24}}},"37":{"name":"Dropzone","line":412,"loc":{"start":{"line":412,"column":4},"end":{"line":412,"column":40}}},"38":{"name":"(anonymous_38)","line":470,"loc":{"start":{"line":470,"column":42},"end":{"line":470,"column":53}}},"39":{"name":"(anonymous_39)","line":483,"loc":{"start":{"line":483,"column":42},"end":{"line":483,"column":53}}},"40":{"name":"(anonymous_40)","line":496,"loc":{"start":{"line":496,"column":44},"end":{"line":496,"column":61}}},"41":{"name":"(anonymous_41)","line":509,"loc":{"start":{"line":509,"column":40},"end":{"line":509,"column":51}}},"42":{"name":"(anonymous_42)","line":513,"loc":{"start":{"line":513,"column":43},"end":{"line":513,"column":54}}},"43":{"name":"(anonymous_43)","line":517,"loc":{"start":{"line":517,"column":39},"end":{"line":517,"column":50}}},"44":{"name":"(anonymous_44)","line":521,"loc":{"start":{"line":521,"column":40},"end":{"line":521,"column":51}}},"45":{"name":"(anonymous_45)","line":534,"loc":{"start":{"line":534,"column":30},"end":{"line":534,"column":41}}},"46":{"name":"(anonymous_46)","line":543,"loc":{"start":{"line":543,"column":32},"end":{"line":543,"column":48}}},"47":{"name":"(anonymous_47)","line":544,"loc":{"start":{"line":544,"column":17},"end":{"line":544,"column":28}}},"48":{"name":"(anonymous_48)","line":567,"loc":{"start":{"line":567,"column":68},"end":{"line":567,"column":79}}},"49":{"name":"(anonymous_49)","line":589,"loc":{"start":{"line":589,"column":33},"end":{"line":589,"column":49}}},"50":{"name":"(anonymous_50)","line":590,"loc":{"start":{"line":590,"column":15},"end":{"line":590,"column":26}}},"51":{"name":"(anonymous_51)","line":594,"loc":{"start":{"line":594,"column":30},"end":{"line":594,"column":46}}},"52":{"name":"(anonymous_52)","line":595,"loc":{"start":{"line":595,"column":15},"end":{"line":595,"column":26}}},"53":{"name":"(anonymous_53)","line":599,"loc":{"start":{"line":599,"column":27},"end":{"line":599,"column":43}}},"54":{"name":"(anonymous_54)","line":600,"loc":{"start":{"line":600,"column":15},"end":{"line":600,"column":30}}},"55":{"name":"(anonymous_55)","line":604,"loc":{"start":{"line":604,"column":27},"end":{"line":604,"column":43}}},"56":{"name":"(anonymous_56)","line":605,"loc":{"start":{"line":605,"column":15},"end":{"line":605,"column":30}}},"57":{"name":"(anonymous_57)","line":607,"loc":{"start":{"line":607,"column":31},"end":{"line":607,"column":42}}},"58":{"name":"(anonymous_58)","line":613,"loc":{"start":{"line":613,"column":22},"end":{"line":613,"column":34}}},"59":{"name":"(anonymous_59)","line":625,"loc":{"start":{"line":625,"column":26},"end":{"line":625,"column":42}}},"60":{"name":"(anonymous_60)","line":626,"loc":{"start":{"line":626,"column":21},"end":{"line":626,"column":33}}},"61":{"name":"(anonymous_61)","line":630,"loc":{"start":{"line":630,"column":26},"end":{"line":630,"column":42}}},"62":{"name":"(anonymous_62)","line":631,"loc":{"start":{"line":631,"column":21},"end":{"line":631,"column":33}}},"63":{"name":"(anonymous_63)","line":636,"loc":{"start":{"line":636,"column":25},"end":{"line":636,"column":41}}},"64":{"name":"(anonymous_64)","line":637,"loc":{"start":{"line":637,"column":21},"end":{"line":637,"column":33}}},"65":{"name":"(anonymous_65)","line":647,"loc":{"start":{"line":647,"column":26},"end":{"line":647,"column":42}}},"66":{"name":"(anonymous_66)","line":648,"loc":{"start":{"line":648,"column":21},"end":{"line":648,"column":33}}},"67":{"name":"(anonymous_67)","line":652,"loc":{"start":{"line":652,"column":21},"end":{"line":652,"column":37}}},"68":{"name":"(anonymous_68)","line":653,"loc":{"start":{"line":653,"column":21},"end":{"line":653,"column":33}}},"69":{"name":"(anonymous_69)","line":658,"loc":{"start":{"line":658,"column":24},"end":{"line":658,"column":40}}},"70":{"name":"(anonymous_70)","line":659,"loc":{"start":{"line":659,"column":21},"end":{"line":659,"column":33}}},"71":{"name":"(anonymous_71)","line":666,"loc":{"start":{"line":666,"column":38},"end":{"line":666,"column":54}}},"72":{"name":"(anonymous_72)","line":667,"loc":{"start":{"line":667,"column":15},"end":{"line":667,"column":42}}},"73":{"name":"(anonymous_73)","line":671,"loc":{"start":{"line":671,"column":23},"end":{"line":671,"column":37}}},"74":{"name":"(anonymous_74)","line":685,"loc":{"start":{"line":685,"column":33},"end":{"line":685,"column":44}}},"75":{"name":"(anonymous_75)","line":697,"loc":{"start":{"line":697,"column":51},"end":{"line":697,"column":62}}},"76":{"name":"(anonymous_76)","line":716,"loc":{"start":{"line":716,"column":39},"end":{"line":716,"column":51}}},"77":{"name":"(anonymous_77)","line":724,"loc":{"start":{"line":724,"column":41},"end":{"line":724,"column":56}}},"78":{"name":"(anonymous_78)","line":731,"loc":{"start":{"line":731,"column":41},"end":{"line":731,"column":52}}},"79":{"name":"(anonymous_79)","line":752,"loc":{"start":{"line":752,"column":45},"end":{"line":752,"column":56}}},"80":{"name":"(anonymous_80)","line":754,"loc":{"start":{"line":754,"column":20},"end":{"line":754,"column":39}}},"81":{"name":"(anonymous_81)","line":772,"loc":{"start":{"line":772,"column":45},"end":{"line":772,"column":56}}},"82":{"name":"(anonymous_82)","line":778,"loc":{"start":{"line":778,"column":23},"end":{"line":778,"column":34}}},"83":{"name":"(anonymous_83)","line":792,"loc":{"start":{"line":792,"column":46},"end":{"line":792,"column":57}}},"84":{"name":"(anonymous_84)","line":798,"loc":{"start":{"line":798,"column":23},"end":{"line":798,"column":34}}},"85":{"name":"(anonymous_85)","line":812,"loc":{"start":{"line":812,"column":33},"end":{"line":812,"column":44}}},"86":{"name":"(anonymous_86)","line":814,"loc":{"start":{"line":814,"column":37},"end":{"line":814,"column":55}}},"87":{"name":"(anonymous_87)","line":827,"loc":{"start":{"line":827,"column":32},"end":{"line":827,"column":43}}},"88":{"name":"(anonymous_88)","line":828,"loc":{"start":{"line":828,"column":37},"end":{"line":828,"column":55}}},"89":{"name":"(anonymous_89)","line":834,"loc":{"start":{"line":834,"column":34},"end":{"line":834,"column":49}}},"90":{"name":"(anonymous_90)","line":854,"loc":{"start":{"line":854,"column":53},"end":{"line":854,"column":64}}},"91":{"name":"(anonymous_91)","line":865,"loc":{"start":{"line":865,"column":30},"end":{"line":865,"column":42}}},"92":{"name":"(anonymous_92)","line":883,"loc":{"start":{"line":883,"column":31},"end":{"line":883,"column":43}}},"93":{"name":"(anonymous_93)","line":895,"loc":{"start":{"line":895,"column":37},"end":{"line":895,"column":53}}},"94":{"name":"(anonymous_94)","line":905,"loc":{"start":{"line":905,"column":44},"end":{"line":905,"column":60}}},"95":{"name":"(anonymous_95)","line":931,"loc":{"start":{"line":931,"column":48},"end":{"line":931,"column":74}}},"96":{"name":"(anonymous_96)","line":934,"loc":{"start":{"line":934,"column":21},"end":{"line":934,"column":37}}},"97":{"name":"(anonymous_97)","line":937,"loc":{"start":{"line":937,"column":21},"end":{"line":937,"column":37}}},"98":{"name":"(anonymous_98)","line":938,"loc":{"start":{"line":938,"column":15},"end":{"line":938,"column":26}}},"99":{"name":"(anonymous_99)","line":939,"loc":{"start":{"line":939,"column":39},"end":{"line":939,"column":57}}},"100":{"name":"(anonymous_100)","line":945,"loc":{"start":{"line":945,"column":29},"end":{"line":945,"column":44}}},"101":{"name":"(anonymous_101)","line":965,"loc":{"start":{"line":965,"column":32},"end":{"line":965,"column":53}}},"102":{"name":"(anonymous_102)","line":978,"loc":{"start":{"line":978,"column":33},"end":{"line":978,"column":48}}},"103":{"name":"(anonymous_103)","line":988,"loc":{"start":{"line":988,"column":32},"end":{"line":988,"column":48}}},"104":{"name":"(anonymous_104)","line":989,"loc":{"start":{"line":989,"column":15},"end":{"line":989,"column":31}}},"105":{"name":"(anonymous_105)","line":1004,"loc":{"start":{"line":1004,"column":38},"end":{"line":1004,"column":54}}},"106":{"name":"(anonymous_106)","line":1013,"loc":{"start":{"line":1013,"column":37},"end":{"line":1013,"column":52}}},"107":{"name":"(anonymous_107)","line":1017,"loc":{"start":{"line":1017,"column":30},"end":{"line":1017,"column":46}}},"108":{"name":"(anonymous_108)","line":1018,"loc":{"start":{"line":1018,"column":19},"end":{"line":1018,"column":30}}},"109":{"name":"(anonymous_109)","line":1032,"loc":{"start":{"line":1032,"column":43},"end":{"line":1032,"column":58}}},"110":{"name":"(anonymous_110)","line":1035,"loc":{"start":{"line":1035,"column":28},"end":{"line":1035,"column":44}}},"111":{"name":"(anonymous_111)","line":1036,"loc":{"start":{"line":1036,"column":17},"end":{"line":1036,"column":28}}},"112":{"name":"(anonymous_112)","line":1043,"loc":{"start":{"line":1043,"column":48},"end":{"line":1043,"column":59}}},"113":{"name":"(anonymous_113)","line":1048,"loc":{"start":{"line":1048,"column":65},"end":{"line":1048,"column":81}}},"114":{"name":"(anonymous_114)","line":1049,"loc":{"start":{"line":1049,"column":15},"end":{"line":1049,"column":26}}},"115":{"name":"(anonymous_115)","line":1056,"loc":{"start":{"line":1056,"column":36},"end":{"line":1056,"column":51}}},"116":{"name":"(anonymous_116)","line":1067,"loc":{"start":{"line":1067,"column":40},"end":{"line":1067,"column":68}}},"117":{"name":"(anonymous_117)","line":1082,"loc":{"start":{"line":1082,"column":41},"end":{"line":1082,"column":66}}},"118":{"name":"(anonymous_118)","line":1085,"loc":{"start":{"line":1085,"column":27},"end":{"line":1085,"column":43}}},"119":{"name":"(anonymous_119)","line":1086,"loc":{"start":{"line":1086,"column":15},"end":{"line":1086,"column":26}}},"120":{"name":"(anonymous_120)","line":1100,"loc":{"start":{"line":1100,"column":48},"end":{"line":1100,"column":96}}},"121":{"name":"(anonymous_121)","line":1106,"loc":{"start":{"line":1106,"column":20},"end":{"line":1106,"column":36}}},"122":{"name":"(anonymous_122)","line":1107,"loc":{"start":{"line":1107,"column":15},"end":{"line":1107,"column":26}}},"123":{"name":"(anonymous_123)","line":1136,"loc":{"start":{"line":1136,"column":38},"end":{"line":1136,"column":49}}},"124":{"name":"(anonymous_124)","line":1161,"loc":{"start":{"line":1161,"column":37},"end":{"line":1161,"column":52}}},"125":{"name":"(anonymous_125)","line":1165,"loc":{"start":{"line":1165,"column":38},"end":{"line":1165,"column":54}}},"126":{"name":"(anonymous_126)","line":1179,"loc":{"start":{"line":1179,"column":42},"end":{"line":1179,"column":56}}},"127":{"name":"(anonymous_127)","line":1181,"loc":{"start":{"line":1181,"column":22},"end":{"line":1181,"column":33}}},"128":{"name":"(anonymous_128)","line":1195,"loc":{"start":{"line":1195,"column":38},"end":{"line":1195,"column":53}}},"129":{"name":"(anonymous_129)","line":1223,"loc":{"start":{"line":1223,"column":20},"end":{"line":1223,"column":31}}},"130":{"name":"(anonymous_130)","line":1232,"loc":{"start":{"line":1232,"column":36},"end":{"line":1232,"column":51}}},"131":{"name":"(anonymous_131)","line":1236,"loc":{"start":{"line":1236,"column":37},"end":{"line":1236,"column":53}}},"132":{"name":"(anonymous_132)","line":1248,"loc":{"start":{"line":1248,"column":21},"end":{"line":1248,"column":37}}},"133":{"name":"(anonymous_133)","line":1249,"loc":{"start":{"line":1249,"column":15},"end":{"line":1249,"column":26}}},"134":{"name":"(anonymous_134)","line":1259,"loc":{"start":{"line":1259,"column":24},"end":{"line":1259,"column":40}}},"135":{"name":"(anonymous_135)","line":1260,"loc":{"start":{"line":1260,"column":15},"end":{"line":1260,"column":27}}},"136":{"name":"(anonymous_136)","line":1295,"loc":{"start":{"line":1295,"column":20},"end":{"line":1295,"column":36}}},"137":{"name":"(anonymous_137)","line":1296,"loc":{"start":{"line":1296,"column":15},"end":{"line":1296,"column":27}}},"138":{"name":"(anonymous_138)","line":1321,"loc":{"start":{"line":1321,"column":21},"end":{"line":1321,"column":37}}},"139":{"name":"(anonymous_139)","line":1322,"loc":{"start":{"line":1322,"column":15},"end":{"line":1322,"column":26}}},"140":{"name":"(anonymous_140)","line":1385,"loc":{"start":{"line":1385,"column":39},"end":{"line":1385,"column":70}}},"141":{"name":"(anonymous_141)","line":1389,"loc":{"start":{"line":1389,"column":35},"end":{"line":1389,"column":68}}},"142":{"name":"(anonymous_142)","line":1406,"loc":{"start":{"line":1406,"column":42},"end":{"line":1406,"column":72}}},"143":{"name":"(anonymous_143)","line":1431,"loc":{"start":{"line":1431,"column":31},"end":{"line":1431,"column":49}}},"144":{"name":"(anonymous_144)","line":1441,"loc":{"start":{"line":1441,"column":24},"end":{"line":1441,"column":42}}},"145":{"name":"(anonymous_145)","line":1453,"loc":{"start":{"line":1453,"column":22},"end":{"line":1453,"column":33}}},"146":{"name":"(anonymous_146)","line":1459,"loc":{"start":{"line":1459,"column":22},"end":{"line":1459,"column":41}}},"147":{"name":"(anonymous_147)","line":1489,"loc":{"start":{"line":1489,"column":32},"end":{"line":1489,"column":43}}},"148":{"name":"(anonymous_148)","line":1511,"loc":{"start":{"line":1511,"column":12},"end":{"line":1511,"column":41}}},"149":{"name":"(anonymous_149)","line":1523,"loc":
[...]
"        this.emit(\"error\", file, message, xhr);","        this.emit(\"complete\", file);","      }","      if (this.options.uploadMultiple) {","        this.emit(\"errormultiple\", files, message, xhr);","        this.emit(\"completemultiple\", files);","      }","      if (this.options.autoProcessQueue) {","        return this.processQueue();","      }","    };","","    return Dropzone;","","  })(Emitter);","","  Dropzone.version = \"4.3.0\";","","  Dropzone.options = {};","","  Dropzone.optionsForElement = function(element) {","    if (element.getAttribute(\"id\")) {","      return Dropzone.options[camelize(element.getAttribute(\"id\"))];","    } else {","      return void 0;","    }","  };","","  Dropzone.instances = [];","","  Dropzone.forElement = function(element) {","    if (typeof element === \"string\") {","      element = document.querySelector(element);","    }","    if ((element != null ? element.dropzone : void 0) == null) {","      throw new Error(\"No Dropzone found for given element. This is probably because you're trying to access it before Dropzone had the time to initialize. Use the `init` option to setup any additional observers on your Dropzone.\");","    }","    return element.dropzone;","  };","","  Dropzone.autoDiscover = true;","","  Dropzone.discover = function() {","    var checkElements, dropzone, dropzones, _i, _len, _results;","    if (document.querySelectorAll) {","      dropzones = document.querySelectorAll(\".dropzone\");","    } else {","      dropzones = [];","      checkElements = function(elements) {","        var el, _i, _len, _results;","        _results = [];","        for (_i = 0, _len = elements.length; _i < _len; _i++) {","          el = elements[_i];","          if (/(^| )dropzone($| )/.test(el.className)) {","            _results.push(dropzones.push(el));","          } else {","            _results.push(void 0);","          }","        }","        return _results;","      };","      checkElements(document.getElementsByTagName(\"div\"));","      checkElements(document.getElementsByTagName(\"form\"));","    }","    _results = [];","    for (_i = 0, _len = dropzones.length; _i < _len; _i++) {","      dropzone = dropzones[_i];","      if (Dropzone.optionsForElement(dropzone) !== false) {","        _results.push(new Dropzone(dropzone));","      } else {","        _results.push(void 0);","      }","    }","    return _results;","  };","","  Dropzone.blacklistedBrowsers = [/opera.*Macintosh.*version\\/12/i];","","  Dropzone.isBrowserSupported = function() {","    var capableBrowser, regex, _i, _len, _ref;","    capableBrowser = true;","    if (window.File && window.FileReader && window.FileList && window.Blob && window.FormData && document.querySelector) {","      if (!(\"classList\" in document.createElement(\"a\"))) {","        capableBrowser = false;","      } else {","        _ref = Dropzone.blacklistedBrowsers;","        for (_i = 0, _len = _ref.length; _i < _len; _i++) {","          regex = _ref[_i];","          if (regex.test(navigator.userAgent)) {","            capableBrowser = false;","            continue;","          }","        }","      }","    } else {","      capableBrowser = false;","    }","    return capableBrowser;","  };","","  without = function(list, rejectedItem) {","    var item, _i, _len, _results;","    _results = [];","    for (_i = 0, _len = list.length; _i < _len; _i++) {","      item = list[_i];","      if (item !== rejectedItem) {","        _results.push(item);","      }","    }","    return _results;","  };","","  camelize = function(str) {","    return str.replace(/[\\-_](\\w)/g, function(match) {","      return match.charAt(1).toUpperCase();","    });","  };","","  Dropzone.createElement = function(string) {","    var div;","    div = document.createElement(\"div\");","    div.innerHTML = string;","    return div.childNodes[0];","  };","","  Dropzone.elementInside = function(element, container) {","    if (element === container) {","      return true;","    }","    while (element = element.parentNode) {","      if (element === container) {","        return true;","      }","    }","    return false;","  };","","  Dropzone.getElement = function(el, name) {","    var element;","    if (typeof el === \"string\") {","      element = document.querySelector(el);","    } else if (el.nodeType != null) {","      element = el;","    }","    if (element == null) {","      throw new Error(\"Invalid `\" + name + \"` option provided. Please provide a CSS selector or a plain HTML element.\");","    }","    return element;","  };","","  Dropzone.getElements = function(els, name) {","    var e, el, elements, _i, _j, _len, _len1, _ref;","    if (els instanceof Array) {","      elements = [];","      try {","        for (_i = 0, _len = els.length; _i < _len; _i++) {","          el = els[_i];","          elements.push(this.getElement(el, name));","        }","      } catch (_error) {","        e = _error;","        elements = null;","      }","    } else if (typeof els === \"string\") {","      elements = [];","      _ref = document.querySelectorAll(els);","      for (_j = 0, _len1 = _ref.length; _j < _len1; _j++) {","        el = _ref[_j];","        elements.push(el);","      }","    } else if (els.nodeType != null) {","      elements = [els];","    }","    if (!((elements != null) && elements.length)) {","      throw new Error(\"Invalid `\" + name + \"` option provided. Please provide a CSS selector, a plain HTML element or a list of those.\");","    }","    return elements;","  };","","  Dropzone.confirm = function(question, accepted, rejected) {","    if (window.confirm(question)) {","      return accepted();","    } else if (rejected != null) {","      return rejected();","    }","  };","","  Dropzone.isValidFile = function(file, acceptedFiles) {","    var baseMimeType, mimeType, validType, _i, _len;","    if (!acceptedFiles) {","      return true;","    }","    acceptedFiles = acceptedFiles.split(\",\");","    mimeType = file.type;","    baseMimeType = mimeType.replace(/\\/.*$/, \"\");","    for (_i = 0, _len = acceptedFiles.length; _i < _len; _i++) {","      validType = acceptedFiles[_i];","      validType = validType.trim();","      if (validType.charAt(0) === \".\") {","        if (file.name.toLowerCase().indexOf(validType.toLowerCase(), file.name.length - validType.length) !== -1) {","          return true;","        }","      } else if (/\\/\\*$/.test(validType)) {","        if (baseMimeType === validType.replace(/\\/.*$/, \"\")) {","          return true;","        }","      } else {","        if (mimeType === validType) {","          return true;","        }","      }","    }","    return false;","  };","","  if (typeof jQuery !== \"undefined\" && jQuery !== null) {","    jQuery.fn.dropzone = function(options) {","      return this.each(function() {","        return new Dropzone(this, options);","      });","    };","  }","","  if (typeof module !== \"undefined\" && module !== null) {","    module.exports = Dropzone;","  } else {","    window.Dropzone = Dropzone;","  }","","  Dropzone.ADDED = \"added\";","","  Dropzone.QUEUED = \"queued\";","","  Dropzone.ACCEPTED = Dropzone.QUEUED;","","  Dropzone.UPLOADING = \"uploading\";","","  Dropzone.PROCESSING = Dropzone.UPLOADING;","","  Dropzone.CANCELED = \"canceled\";","","  Dropzone.ERROR = \"error\";","","  Dropzone.SUCCESS = \"success\";","","","  /*","  ","  Bugfix for iOS 6 and 7","  Source: http://stackoverflow.com/questions/11929099/html5-canvas-drawimage-ratio-bug-ios","  based on the work of https://github.com/stomita/ios-imagefile-megapixel","   */","","  detectVerticalSquash = function(img) {","    var alpha, canvas, ctx, data, ey, ih, iw, py, ratio, sy;","    iw = img.naturalWidth;","    ih = img.naturalHeight;","    canvas = document.createElement(\"canvas\");","    canvas.width = 1;","    canvas.height = ih;","    ctx = canvas.getContext(\"2d\");","    ctx.drawImage(img, 0, 0);","    data = ctx.getImageData(0, 0, 1, ih).data;","    sy = 0;","    ey = ih;","    py = ih;","    while (py > sy) {","      alpha = data[(py - 1) * 4 + 3];","      if (alpha === 0) {","        ey = py;","      } else {","        sy = py;","      }","      py = (ey + sy) >> 1;","    }","    ratio = py / ih;","    if (ratio === 0) {","      return 1;","    } else {","      return ratio;","    }","  };","","  drawImageIOSFix = function(ctx, img, sx, sy, sw, sh, dx, dy, dw, dh) {","    var vertSquashRatio;","    vertSquashRatio = detectVerticalSquash(img);","    return ctx.drawImage(img, sx, sy, sw, sh, dx, dy, dw, dh / vertSquashRatio);","  };","","","  /*","   * contentloaded.js","   *","   * Author: Diego Perini (diego.perini at gmail.com)","   * Summary: cross-browser wrapper for DOMContentLoaded","   * Updated: 20101020","   * License: MIT","   * Version: 1.2","   *","   * URL:","   * http://javascript.nwbox.com/ContentLoaded/","   * http://javascript.nwbox.com/ContentLoaded/MIT-LICENSE","   */","","  contentLoaded = function(win, fn) {","    var add, doc, done, init, poll, pre, rem, root, top;","    done = false;","    top = true;","    doc = win.document;","    root = doc.documentElement;","    add = (doc.addEventListener ? \"addEventListener\" : \"attachEvent\");","    rem = (doc.addEventListener ? \"removeEventListener\" : \"detachEvent\");","    pre = (doc.addEventListener ? \"\" : \"on\");","    init = function(e) {","      if (e.type === \"readystatechange\" && doc.readyState !== \"complete\") {","        return;","      }","      (e.type === \"load\" ? win : doc)[rem](pre + e.type, init, false);","      if (!done && (done = true)) {","        return fn.call(win, e.type || e);","      }","    };","    poll = function() {","      var e;","      try {","        root.doScroll(\"left\");","      } catch (_error) {","        e = _error;","        setTimeout(poll, 50);","        return;","      }","      return init(\"poll\");","    };","    if (doc.readyState !== \"complete\") {","      if (doc.createEventObject && root.doScroll) {","        try {","          top = !win.frameElement;","        } catch (_error) {}","        if (top) {","          poll();","        }","      }","      doc[add](pre + \"DOMContentLoaded\", init, false);","      doc[add](pre + \"readystatechange\", init, false);","      return win[add](pre + \"load\", init, false);","    }","  };","","  Dropzone._autoDiscoverFunction = function() {","    if (Dropzone.autoDiscover) {","      return Dropzone.discover();","    }","  };","","  contentLoaded(window, Dropzone._autoDiscoverFunction);","","}).call(this);",""],"l":{"28":2,"29":2,"32":2,"34":2,"36":2,"37":1,"39":2,"41":2,"42":0,"43":0,"44":0,"46":0,"47":0,"50":2,"51":0,"52":0,"53":0,"54":0,"55":0,"56":0,"57":0,"58":0,"61":0,"64":2,"66":2,"68":2,"70":2,"71":0,"72":0,"73":0,"74":0,"76":0,"77":0,"78":0,"80":0,"81":0,"82":0,"84":0,"85":0,"86":0,"87":0,"88":0,"91":0,"94":2,"98":2,"99":2,"101":2,"103":2,"114":2,"116":2,"154":0,"157":0,"161":0,"162":0,"163":0,"164":0,"165":0,"166":0,"167":0,"168":0,"169":0,"172":0,"173":0,"174":0,"176":0,"177":0,"178":0,"179":0,"180":0,"181":0,"184":0,"187":0,"188":0,"194":0,"195":0,"196":0,"197":0,"198":0,"199":0,"200":0,"201":0,"202":0,"203":0,"205":0,"206":0,"207":0,"208":0,"210":0,"211":0,"212":0,"214":0,"215":0,"218":0,"219":0,"220":0,"232":0,"236":0,"239":0,"242":0,"245":0,"249":0,"252":0,"253":0,"254":0,"256":0,"257":0,"258":0,"259":0,"260":0,"261":0,"262":0,"263":0,"265":0,"266":0,"267":0,"268":0,"270":0,"271":0,"272":0,"274":0,"275":0,"276":0,"277":0,"278":0,"279":0,"280":0,"283":0,"284":0,"285":0,"288":0,"293":0,"294":0,"295":0,"296":0,"297":0,"299":0,"303":0,"304":0,"305":0,"306":0,"309":0,"312":0,"313":0,"314":0,"315":0,"316":0,"317":0,"318":0,"319":0,"321":0,"322":0,"323":0,"329":0,"330":0,"331":0,"332":0,"333":0,"335":0,"336":0,"337":0,"338":0,"339":0,"341":0,"346":0,"347":0,"348":0,"349":0,"355":0,"356":0,"357":0,"358":0,"359":0,"360":0,"361":0,"362":0,"364":0,"367":0,"374":0,"375":0,"380":0,"384":0,"385":0,"387":0,"388":0,"399":2,"400":0,"401":0,"402":0,"403":0,"404":0,"405":0,"406":0,"409":0,"412":1,"413":0,"414":0,"415":0,"416":0,"417":0,"418":0,"419":0,"420":0,"421":0,"423":0,"424":0,"426":0,"427":0,"429":0,"430":0,"431":0,"432":0,"433":0,"434":0,"436":0,"437":0,"439":0,"440":0,"442":0,"443":0,"445":0,"446":0,"447":0,"449":0,"450":0,"451":0,"453":0,"454":0,"455":0,"457":0,"460":0,"461":0,"462":0,"464":0,"467":0,"470":2,"471":0,"472":0,"473":0,"474":0,"475":0,"476":0,"477":0,"480":0,"483":2,"484":0,"485":0,"486":0,"487":0,"488":0,"489":0,"490":0,"493":0,"496":2,"497":0,"498":0,"499":0,"500":0,"501":0,"502":0,"503":0,"506":0,"509":2,"510":0,"513":2,"514":0,"517":2,"518":0,"521":2,"522":0,"523":0,"524":0,"525":0,"526":0,"527":0,"528":0,"531":0,"534":2,"535":0,"536":0,"537":0,"539":0,"540":0,"542":0,"543":0,"544":0,"545":0,"546":0,"548":0,"549":0,"550":0,"551":0,"553":0,"554":0,"555":0,"557":0,"558":0,"560":0,"561":0,"562":0,"563":0,"564":0,"565":0,"566":0,"567":0,"568":0,"569":0,"570":0,"571":0,"572":0,"573":0,"576":0,"577":0,"581":0,"583":0,"584":0,"585":0,"586":0,"587":0,"589":0,"590":0,"591":0,"594":0,"595":0,"596":0,"599":0,"600":0,"601":0,"604":0,"605":0,"606":0,"607":0,"608":0,"613":0,"614":0,"615":0,"616":0,"618":0,"621":0,"626":0,"627":0,"631":0,"632":0,"633":0,"637":0,"638":0,"639":0,"640":0,"642":0,"643":0,"644":0,"648":0,"649":0,"653":0,"654":0,"655":0,"659":0,"660":0,"666":0,"667":0,"668":0,"672":0,"673":0,"675":0,"681":0,"682":0,"685":2,"686":0,"687":0,"688":0,"689":0,"690":0,"691":0,"693":0,"694":0,"697":2,"698":0,"699":0,"700":0,"701":0,"702":0,"703":0,"704":0,"705":0,"706":0,"707":0,"709":0,"711":0,"713":0,"716":2,"717":0,"718":0,"720":0,"724":2,"725":0,"726":0,"728":0,"731":2,"732":0,"733":0,"734":0,"736":0,"737":0,"738":0,"740":0,"741":0,"742":0,"743":0,"744":0,"746":0,"747":0,"749":0,"752":2,"753":0,"754":0,"755":0,"756":0,"757":0,"758":0,"759":0,"763":0,"764":0,"765":0,"766":0,"767":0,"772":2,"773":0,"774":0,"775":0,"776":0,"777":0,"778":0,"779":0,"780":0,"781":0,"782":0,"783":0,"784":0,"786":0,"789":0,"792":2,"793":0,"794":0,"795":0,"796":0,"797":0,"798":0,"799":0,"800":0,"801":0,"802":0,"803":0,"804":0,"806":0,"809":0,"812":2,"813":0,"814":0,"815":0,"817":0,"818":0,"819":0,"820":0,"821":0,"822":0,"824":0,"827":2,"828":0,"829":0,"831":0,"834":2,"835":0,"836":0,"837":0,"838":0,"839":0,"840":0,"841":0,"842":0,"843":0,"844":0,"845":0,"846":0,"849":0,"851":0,"854":2,"855":0,"856":0,"857":0,"859":0,"861":0,"865":2,"866":0,"867":0,"868":0,"870":0,"871":0,"872":0,"873":0,"874":0,"875":0,"876":0,"878":0,"883":2,"884":0,"885":0,"886":0,"888":0,"889":0,"890":0,"891":0,"895":2,"896":0,"897":0,"898":0,"899":0,"900":0,"902":0,"905":2,"906":0,"907":0,"908":0,"909":0,"910":0,"911":0,"912":0,"913":0,"914":0,"916":0,"918":0,"919":0,"920":0,"922":0,"925":0,"928":0,"931":2,"932":0,"933":0,"934":0,"935":0,"937":0,"938":0,"939":0,"940":0,"941":0,"942":0,"943":0,"944":0,"945":0,"946":0,"947":0,"949":0,"950":0,"952":0,"953":0,"956":0,"958":0,"962":0,"965":2,"966":0,"967":0,"968":0,"969":0,"970":0,"971":0,"972":0,"974":0,"978":2,"979":0,"984":0,"985":0,"986":0,"987":0,"988":0,"989":0,"990":0,"991":0,"992":0,"994":0,"995":0,"996":0,"999":0,"1004":2,"1005":0,"1006":0,"1007":0,"1008":0,"1010":0,"1013":2,"1014":0,"1015":0,"1016":0,"1017":0,"1018":0,"1019":0,"1024":0,"1028":2,"1030":2,"1032":2,"1033":0,"1034":0,"1035":0,"1036":0,"1037":0,"1043":2,"1044":0,"1045":0,"1047":0,"1048":0,"1049":0,"1050":0,"1051":0,"1056":2,"1057":0,"1058":0,"1060":0,"1061":0,"1062":0,"1063":0,"1067":2,"1068":0,"1069":0,"1070":0,"1072":0,"1073":0,"1074":0,"1075":0,"1076":0,"1079":0,"1082":2,"1083":0,"1084":0,"1085":0,"1086":0,"1087":0,"1088":0,"1089":0,"1090":0,"1092":0,"1094":0,"1097":0,"1100":2,"1101":0,"1102":0,"1103":0,"1104":0,"1106":0,"1107":0,"1108":0,"1109":0,"1110":0,"1111":0,"1112":0,"1113":0,"1115":0,"1116":0,"1118":0,"1119":0,"1120":0,"1121":0,"1122":0,"1123":0,"1124":0,"1125":0,"1126":0,"1130":0,"1131":0,"1133":0,"1136":2,"1137":0,"1138":0,"1139":0,"1140":0,"1141":0,"1142":0,"1144":0,"1145":0,"1146":0,"1148":0,"1149":0,"1151":0,"1152":0,"1153":0,"1155":0,"1156":0,"1161":2,"1162":0,"1165":2,"1166":0,"1167":0,"1168":0,"1169":0,"1170":0,"1171":0,"1173":0,"1174":0,"1176":0,"1179":2,"1180":0,"1181":0,"1182":0,"1183":0,"1184":0,"1185":0,"1186":0,"1187":0,"1188":0,"1191":0,"1195":2,"1196":0,"1197":0,"1198":0,"1199":0,"1200":0,"1201":0,"1203":0,"1204":0,"1205":0,"1206":0,"1208":0,"1209":0,"1211":0,"1212":0,"1213":0,"1214":0,"1215":0,"1218":0,"1219":0,"1223":2,"1224":0,"1225":0,"1226":0,"1227":0,"1229":0,"1232":2,"1233":0,"1236":2,"1237":0,"1238":0,"1239":0,"1240":0,"1241":0,"1243":0,"1244":0,"1245":0,"1246":0,"1247":0,"1248":0,"1249":0,"1250":0,"1251":0,"1252":0,"1253":0,"1254":0,"1256":0,"1259":0,"1260":0,"1261":0,"1262":0,"1263":0,"1264":0,"1265":0,"1266":0,"1273":0,"1274":0,"1275":0,"1276":0,"1277":0,"1278":0,"1280":0,"1281":0,"1283":0,"1284":0,"1287":0,"1288":0,"1289":0,"1290":0,"1292":0,"1295":0,"1296":0,"1297":0,"1298":0,"1299":0,"1301":0,"1302":0,"1304":0,"1305":0,"1306":0,"1307":0,"1309":0,"1310":0,"1313":0,"1314":0,"1315":0,"1317":0,"1321":0,"1322":0,"1323":0,"1324":0,"1326":0,"1329":0,"1330":0,"1331":0,"1336":0,"1337":0,"1339":0,"1340":0,"1341":0,"1342":0,"1345":0,"1346":0,"1347":0,"1348":0,"1349":0,"1350":0,"1353":0,"1354":0,"1355":0,"1357":0,"1358":0,"1360":0,"1361":0,"1362":0,"1363":0,"1364":0,"1365":0,"1366":0,"1367":0,"1368":0,"1369":0,"1370":0,"1371":0,"1374":0,"1375":0,"1379":0,"1380":0,"1382":0,"1385":2,"1386":0,"1389":2,"1390":0,"1391":0,"1392":0,"1393":0,"1394":0,"1395":0,"1397":0,"1398":0,"1399":0,"1401":0,"1402":0,"1406":2,"1407":0,"1408":0,"1409":0,"1410":0,"1411":0,"1412":0,"1414":0,"1415":0,"1416":0,"1418":0,"1419":0,"1423":2,"1427":2,"1429":2,"1431":2,"1432":0,"1433":0,"1435":0,"1439":2,"1441":2,"1442":0,"1443":0,"1445":0,"1446":0,"1448":0,"1451":2,"1453":2,"1454":0,"1455":0,"1456":0,"1458":0,"1459":0,"1460":0,"1461":0,"1462":0,"1463":0,"1464":0,"1465":0,"1467":0,"1470":0,"1472":0,"1473":0,"1475":0,"1476":0,"1477":0,"1478":0,"1479":0,"1481":0,"1484":0,"1487":2,"1489":2,"1490":0,"1491":0,"1492":0,"1493":0,"1494":0,"1496":0,"1497":0,"1498":0,"1499":0,"1500":0,"1501":0,"1506":0,"1508":0,"1511":2,"1512":0,"1513":0,"1514":0,"1515":0,"1516":0,"1517":0,"1520":0,"1523":2,"1524":0,"1525":0,"1529":2,"1530":0,"1531":0,"1532":0,"1533":0,"1536":2,"1537":0,"1538":0,"1540":0,"1541":0,"1542":0,"1545":0,"1548":2,"1549":0,"1550":0,"1551":0,"1552":0,"1553":0,"1555":0,"1556":0,"1558":0,"1561":2,"1562":0,"1563":0,"1564":0,"1565":0,"1566":0,"1567":0,"1568":0,"1571":0,"1572":0,"1574":0,"1575":0,"1576":0,"1577":0,"1578":0,"1579":0,"1581":0,"1582":0,"1584":0,"1585":0,"1587":0,"1590":2,"1591":0,"1592":0,"1593":0,"1594":0,"1598":2,"1599":0,"1600":0,"1601":0,"1603":0,"1604":0,"1605":0,"1606":0,"1607":0,"1608":0,"1609":0,"1610":0,"1611":0,"1613":0,"1614":0,"1615":0,"1618":0,"1619":0,"1623":0,"1626":2,"1627":0,"1628":0,"1629":0,"1634":2,"1635":2,"1637":0,"1640":2,"1642":2,"1644":2,"1646":2,"1648":2,"1650":2,"1652":2,"1654":2,"1664":2,"1665":0,"1666":0,"1667":0,"1668":0,"1669":0,"1670":0,"1671":0,"1672":0,"1673":0,"1674":0,"1675":0,"1676":0,"1677":0,"1678":0,"1679":0,"1680":0,"1682":0,"1684":0,"1686":0,"1687":0,"1688":0,"1690":0,"1694":2,"1695":0,"1696":0,"1697":0,"1715":2,"1716":0,"1717":0,"1718":0,"1719":0,"1720":0,"1721":0,"1722":0,"1723":0,"1724":0,"1725":0,"1726":0,"1728":0,"1729":0,"1730":0,"1733":0,"1734":0,"1735":0,"1736":0,"1738":0,"1739":0,"1740":0,"1742":0,"1744":0,"1745":0,"1746":0,"1747":0,"1749":0,"1750":0,"1753":0,"1754":0,"1755":0,"1759":2,"1760":0,"1761":0,"1765":2}},"/home/travis/build/npmtest/node-npmtest-dropzone/node_modules/dropzone/index.js":{"path":"/home/travis/build/npmtest/node-npmtest-dropzone/node_modules/dropzone/index.js","s":{"1":2},"b":{},"f":{},"fnMap":{},"statementMap":{"1":{"start":{"line":1,"column":0},"end":{"line":1,"column":46}}},"branchMap":{},"code":["module.exports = require(\"./lib/dropzone.js\"); // Exposing dropzone",""],"l":{"1":2}}}